TpTrace Verbose: 0 : 40816, 1, 2023/10/28, 14:28:54.691, 8842011573664, vstest.console.dll, Version: 17.7.0-preview-23364-03+bc17bb9693cfc4778ded51aa0ab7f1065433f989 Current process architecture: X64
TpTrace Verbose: 0 : 40816, 1, 2023/10/28, 14:28:54.693, 8842011590342, vstest.console.dll, Runtime location: C:\Program Files\dotnet\shared\Microsoft.NETCore.App\7.0.10
TpTrace Verbose: 0 : 40816, 1, 2023/10/28, 14:28:54.698, 8842011642492, vstest.console.dll, ArtifactProcessingPostProcessModeProcessorExecutor.Initialize: ArtifactProcessingMode.Collect
TpTrace Verbose: 0 : 40816, 1, 2023/10/28, 14:28:54.698, 8842011643677, vstest.console.dll, TestSessionCorrelationIdProcessorModeProcessorExecutor.Initialize: TestSessionCorrelationId '41256_16c5c4a7-0df5-4dce-a252-2aca2385f954'
TpTrace Information: 0 : 40816, 1, 2023/10/28, 14:28:54.708, 8842011740675, vstest.console.dll, FilePatternParser: The given file C:\dev\MAZE\FinancingSimulation\FinancingSimulation.Tests\bin\Debug\net6.0\fine-code-coverage\build-output\FinancingSimulation.Tests.dll is a full path.
TpTrace Verbose: 0 : 40816, 1, 2023/10/28, 14:28:54.721, 8842011870779, vstest.console.dll, TestPluginCache.DiscoverTestExtensions: finding test extensions in assemblies ends with: RuntimeProvider.dll TPluginInfo: Microsoft.VisualStudio.TestPlatform.Common.ExtensionFramework.Utilities.TestRuntimePluginInformation TExtension: Microsoft.VisualStudio.TestPlatform.ObjectModel.Host.ITestRuntimeProvider
TpTrace Verbose: 0 : 40816, 1, 2023/10/28, 14:28:54.721, 8842011873500, vstest.console.dll, TestPluginCache.GetExtensionPaths: Filtered extension paths: 
TpTrace Verbose: 0 : 40816, 1, 2023/10/28, 14:28:54.721, 8842011874107, vstest.console.dll, TestPluginCache.GetExtensionPaths: Added default extension paths: C:\Program Files\dotnet\sdk\7.0.400\Extensions\Microsoft.Diagnostics.NETCore.Client.dll
C:\Program Files\dotnet\sdk\7.0.400\Extensions\Microsoft.TestPlatform.Extensions.BlameDataCollector.dll
C:\Program Files\dotnet\sdk\7.0.400\Extensions\Microsoft.TestPlatform.Extensions.EventLogCollector.dll
C:\Program Files\dotnet\sdk\7.0.400\Extensions\Microsoft.TestPlatform.TestHostRuntimeProvider.dll
C:\Program Files\dotnet\sdk\7.0.400\Extensions\Microsoft.VisualStudio.TestPlatform.Extensions.Html.TestLogger.dll
C:\Program Files\dotnet\sdk\7.0.400\Extensions\Microsoft.VisualStudio.TestPlatform.Extensions.Trx.TestLogger.dll
TpTrace Verbose: 0 : 40816, 1, 2023/10/28, 14:28:54.721, 8842011874297, vstest.console.dll, TestPluginCache.GetExtensionPaths: Added unfilterableExtensionPaths: 
TpTrace Information: 0 : 40816, 1, 2023/10/28, 14:28:54.722, 8842011879910, vstest.console.dll, AssemblyResolver.ctor: Creating AssemblyResolver with searchDirectories C:\Program Files\dotnet\sdk\7.0.400\Extensions,C:\Program Files\dotnet\sdk\7.0.400
TpTrace Verbose: 0 : 40816, 1, 2023/10/28, 14:28:54.724, 8842011900857, vstest.console.dll, TestPluginCache.DiscoverTestExtensions: Discovering the extensions using extension path.
TpTrace Verbose: 0 : 40816, 1, 2023/10/28, 14:28:54.724, 8842011902061, vstest.console.dll, TestPluginCache.GetExtensionPaths: Filtered extension paths: 
TpTrace Verbose: 0 : 40816, 1, 2023/10/28, 14:28:54.724, 8842011902357, vstest.console.dll, TestPluginCache.GetExtensionPaths: Added default extension paths: C:\Program Files\dotnet\sdk\7.0.400\Extensions\Microsoft.Diagnostics.NETCore.Client.dll
C:\Program Files\dotnet\sdk\7.0.400\Extensions\Microsoft.TestPlatform.Extensions.BlameDataCollector.dll
C:\Program Files\dotnet\sdk\7.0.400\Extensions\Microsoft.TestPlatform.Extensions.EventLogCollector.dll
C:\Program Files\dotnet\sdk\7.0.400\Extensions\Microsoft.TestPlatform.TestHostRuntimeProvider.dll
C:\Program Files\dotnet\sdk\7.0.400\Extensions\Microsoft.VisualStudio.TestPlatform.Extensions.Html.TestLogger.dll
C:\Program Files\dotnet\sdk\7.0.400\Extensions\Microsoft.VisualStudio.TestPlatform.Extensions.Trx.TestLogger.dll
TpTrace Verbose: 0 : 40816, 1, 2023/10/28, 14:28:54.724, 8842011902525, vstest.console.dll, TestPluginCache.GetExtensionPaths: Added unfilterableExtensionPaths: 
TpTrace Verbose: 0 : 40816, 1, 2023/10/28, 14:28:54.724, 8842011903594, vstest.console.dll, TestPluginCache.DiscoverTestExtensions: Discovering the extensions using allExtensionPaths: C:\Program Files\dotnet\sdk\7.0.400\Extensions\Microsoft.Diagnostics.NETCore.Client.dll
C:\Program Files\dotnet\sdk\7.0.400\Extensions\Microsoft.TestPlatform.Extensions.BlameDataCollector.dll
C:\Program Files\dotnet\sdk\7.0.400\Extensions\Microsoft.TestPlatform.Extensions.EventLogCollector.dll
C:\Program Files\dotnet\sdk\7.0.400\Extensions\Microsoft.TestPlatform.TestHostRuntimeProvider.dll
C:\Program Files\dotnet\sdk\7.0.400\Extensions\Microsoft.VisualStudio.TestPlatform.Extensions.Html.TestLogger.dll
C:\Program Files\dotnet\sdk\7.0.400\Extensions\Microsoft.VisualStudio.TestPlatform.Extensions.Trx.TestLogger.dll
TpTrace Information: 0 : 40816, 1, 2023/10/28, 14:28:54.724, 8842011904533, vstest.console.dll, AssemblyResolver.AddSearchDirectories: Adding more searchDirectories C:\Program Files\dotnet\sdk\7.0.400\Extensions,C:\Program Files\dotnet\sdk\7.0.400
TpTrace Information: 0 : 40816, 1, 2023/10/28, 14:28:54.724, 8842011904979, vstest.console.dll, AssemblyResolver.AddSearchDirectories: Adding more searchDirectories C:\Program Files\dotnet\sdk\7.0.400\Extensions,C:\Program Files\dotnet\sdk\7.0.400
TpTrace Information: 0 : 40816, 1, 2023/10/28, 14:28:54.724, 8842011905202, vstest.console.dll, AssemblyResolver.AddSearchDirectories: Adding more searchDirectories C:\Program Files\dotnet\sdk\7.0.400\Extensions,C:\Program Files\dotnet\sdk\7.0.400
TpTrace Information: 0 : 40816, 1, 2023/10/28, 14:28:54.724, 8842011905358, vstest.console.dll, AssemblyResolver.AddSearchDirectories: Adding more searchDirectories C:\Program Files\dotnet\sdk\7.0.400\Extensions,C:\Program Files\dotnet\sdk\7.0.400
TpTrace Information: 0 : 40816, 1, 2023/10/28, 14:28:54.724, 8842011905511, vstest.console.dll, AssemblyResolver.AddSearchDirectories: Adding more searchDirectories C:\Program Files\dotnet\sdk\7.0.400\Extensions,C:\Program Files\dotnet\sdk\7.0.400
TpTrace Information: 0 : 40816, 1, 2023/10/28, 14:28:54.724, 8842011905692, vstest.console.dll, AssemblyResolver.AddSearchDirectories: Adding more searchDirectories C:\Program Files\dotnet\sdk\7.0.400\Extensions,C:\Program Files\dotnet\sdk\7.0.400
TpTrace Information: 0 : 40816, 1, 2023/10/28, 14:28:54.725, 8842011908601, vstest.console.dll, AssemblyResolver.OnResolve: Microsoft.Diagnostics.NETCore.Client: Resolving assembly.
TpTrace Information: 0 : 40816, 1, 2023/10/28, 14:28:54.725, 8842011909335, vstest.console.dll, AssemblyResolver.OnResolve: Microsoft.Diagnostics.NETCore.Client: Searching in: 'C:\Program Files\dotnet\sdk\7.0.400\Extensions'.
TpTrace Information: 0 : 40816, 1, 2023/10/28, 14:28:54.738, 8842012039695, vstest.console.dll, AssemblyResolver.OnResolve: Microsoft.Diagnostics.NETCore.Client: Loading assembly 'C:\Program Files\dotnet\sdk\7.0.400\Extensions\Microsoft.Diagnostics.NETCore.Client.dll'.
TpTrace Information: 0 : 40816, 1, 2023/10/28, 14:28:54.739, 8842012056958, vstest.console.dll, AssemblyResolver.OnResolve: Resolved assembly: Microsoft.Diagnostics.NETCore.Client, from path: C:\Program Files\dotnet\sdk\7.0.400\Extensions\Microsoft.Diagnostics.NETCore.Client.dll
TpTrace Verbose: 0 : 40816, 1, 2023/10/28, 14:28:54.740, 8842012064072, vstest.console.dll, MetadataReaderExtensionsHelper: Discovering extensions inside assembly 'Microsoft.Diagnostics.NETCore.Client, Version=0.2.8.21101, Culture=neutral, PublicKeyToken=31bf3856ad364e35' file path 'C:\Program Files\dotnet\sdk\7.0.400\Extensions\Microsoft.Diagnostics.NETCore.Client.dll'
TpTrace Information: 0 : 40816, 1, 2023/10/28, 14:28:54.744, 8842012097497, vstest.console.dll, AssemblyResolver.OnResolve: Microsoft.Bcl.AsyncInterfaces: Resolving assembly.
TpTrace Information: 0 : 40816, 1, 2023/10/28, 14:28:54.744, 8842012098290, vstest.console.dll, AssemblyResolver.OnResolve: Microsoft.Bcl.AsyncInterfaces: Searching in: 'C:\Program Files\dotnet\sdk\7.0.400\Extensions'.
TpTrace Information: 0 : 40816, 1, 2023/10/28, 14:28:54.744, 8842012099913, vstest.console.dll, AssemblyResolver.OnResolve: Microsoft.Bcl.AsyncInterfaces: Assembly path does not exist: 'C:\Program Files\dotnet\sdk\7.0.400\Extensions\Microsoft.Bcl.AsyncInterfaces.dll', returning.
TpTrace Information: 0 : 40816, 1, 2023/10/28, 14:28:54.744, 8842012100946, vstest.console.dll, AssemblyResolver.OnResolve: Microsoft.Bcl.AsyncInterfaces: Assembly path does not exist: 'C:\Program Files\dotnet\sdk\7.0.400\Extensions\Microsoft.Bcl.AsyncInterfaces.exe', returning.
TpTrace Information: 0 : 40816, 1, 2023/10/28, 14:28:54.744, 8842012101375, vstest.console.dll, AssemblyResolver.OnResolve: Microsoft.Bcl.AsyncInterfaces: Searching in: 'C:\Program Files\dotnet\sdk\7.0.400'.
TpTrace Information: 0 : 40816, 1, 2023/10/28, 14:28:54.744, 8842012103120, vstest.console.dll, AssemblyResolver.OnResolve: Microsoft.Bcl.AsyncInterfaces: Assembly path does not exist: 'C:\Program Files\dotnet\sdk\7.0.400\Microsoft.Bcl.AsyncInterfaces.dll', returning.
TpTrace Information: 0 : 40816, 1, 2023/10/28, 14:28:54.744, 8842012105600, vstest.console.dll, AssemblyResolver.OnResolve: Microsoft.Bcl.AsyncInterfaces: Assembly path does not exist: 'C:\Program Files\dotnet\sdk\7.0.400\Microsoft.Bcl.AsyncInterfaces.exe', returning.
TpTrace Information: 0 : 40816, 1, 2023/10/28, 14:28:54.744, 8842012106668, vstest.console.dll, AssemblyResolver.OnResolve: Microsoft.Bcl.AsyncInterfaces: Failed to load assembly.
TpTrace Verbose: 0 : 40816, 1, 2023/10/28, 14:28:54.745, 8842012107303, vstest.console.dll, CurrentDomainAssemblyResolve: Resolving assembly 'Microsoft.Bcl.AsyncInterfaces'.
TpTrace Information: 0 : 40816, 1, 2023/10/28, 14:28:54.745, 8842012108338, vstest.console.dll, AssemblyResolver.OnResolve: Microsoft.Bcl.AsyncInterfaces: Resolving assembly.
TpTrace Information: 0 : 40816, 1, 2023/10/28, 14:28:54.745, 8842012108936, vstest.console.dll, AssemblyResolver.OnResolve: Microsoft.Bcl.AsyncInterfaces: Resolved from cache.
TpTrace Verbose: 0 : 40816, 1, 2023/10/28, 14:28:54.745, 8842012109509, vstest.console.dll, CurrentDomainAssemblyResolve: Resolving assembly 'Microsoft.Bcl.AsyncInterfaces'.
TpTrace Verbose: 0 : 40816, 1, 2023/10/28, 14:28:54.745, 8842012110068, vstest.console.dll, CurrentDomainAssemblyResolve: Failed to resolve assembly 'Microsoft.Bcl.AsyncInterfaces'.
TpTrace Verbose: 0 : 40816, 1, 2023/10/28, 14:28:54.749, 8842012156187, vstest.console.dll, CurrentDomainAssemblyResolve: Failed to resolve assembly 'Microsoft.Bcl.AsyncInterfaces'.
TpTrace Warning: 0 : 40816, 1, 2023/10/28, 14:28:54.764, 8842012299799, vstest.console.dll, TestPluginDiscoverer: Failed to get types from assembly 'Microsoft.Diagnostics.NETCore.Client, Version=0.2.8.21101, Culture=neutral, PublicKeyToken=31bf3856ad364e35'. Error: System.Reflection.ReflectionTypeLoadException: Unable to load one or more of the requested types.
Could not load file or assembly 'Microsoft.Bcl.AsyncInterfaces, Version=1.0.0.0, Culture=neutral, PublicKeyToken=cc7b13ffcd2ddd51'. O sistema não pode encontrar o arquivo especificado.
   at System.Reflection.RuntimeModule.GetTypes(RuntimeModule module)
   at System.Reflection.Assembly.GetTypes()
   at Microsoft.VisualStudio.TestPlatform.Common.ExtensionFramework.TestPluginDiscoverer.GetTestExtensionsFromAssembly[TPluginInfo,TExtension](Assembly assembly, Dictionary`2 pluginInfos, String filePath) in /_/src/Microsoft.TestPlatform.Common/ExtensionFramework/TestPluginDiscoverer.cs:line 158
System.IO.FileNotFoundException: Could not load file or assembly 'Microsoft.Bcl.AsyncInterfaces, Version=1.0.0.0, Culture=neutral, PublicKeyToken=cc7b13ffcd2ddd51'. O sistema não pode encontrar o arquivo especificado.
File name: 'Microsoft.Bcl.AsyncInterfaces, Version=1.0.0.0, Culture=neutral, PublicKeyToken=cc7b13ffcd2ddd51'
 ---> System.IO.FileNotFoundException: Could not load file or assembly 'Microsoft.Bcl.AsyncInterfaces, Culture=neutral, PublicKeyToken=null'. O sistema não pode encontrar o arquivo especificado.
File name: 'Microsoft.Bcl.AsyncInterfaces, Culture=neutral, PublicKeyToken=null'
   at System.Reflection.RuntimeAssembly.InternalLoad(AssemblyName assemblyName, StackCrawlMark& stackMark, AssemblyLoadContext assemblyLoadContext, RuntimeAssembly requestingAssembly, Boolean throwOnFileNotFound)
   at System.Reflection.Assembly.Load(AssemblyName assemblyRef)
   at Microsoft.VisualStudio.TestPlatform.Common.ExtensionFramework.TestPluginCache.CurrentDomainAssemblyResolve(Object sender, AssemblyResolveEventArgs args) in /_/src/Microsoft.TestPlatform.Common/ExtensionFramework/TestPluginCache.cs:line 513
   at System.Runtime.Loader.AssemblyLoadContext.GetFirstResolvedAssemblyFromResolvingEvent(AssemblyName assemblyName)
   at System.Runtime.Loader.AssemblyLoadContext.ResolveUsingEvent(AssemblyName assemblyName)
   at System.Runtime.Loader.AssemblyLoadContext.ResolveUsingResolvingEvent(IntPtr gchManagedAssemblyLoadContext, AssemblyName assemblyName)
TpTrace Warning: 0 : 40816, 1, 2023/10/28, 14:28:54.764, 8842012302661, vstest.console.dll, LoaderExceptions: System.IO.FileNotFoundException: Could not load file or assembly 'Microsoft.Bcl.AsyncInterfaces, Version=1.0.0.0, Culture=neutral, PublicKeyToken=cc7b13ffcd2ddd51'. O sistema não pode encontrar o arquivo especificado.
File name: 'Microsoft.Bcl.AsyncInterfaces, Version=1.0.0.0, Culture=neutral, PublicKeyToken=cc7b13ffcd2ddd51'
 ---> System.IO.FileNotFoundException: Could not load file or assembly 'Microsoft.Bcl.AsyncInterfaces, Culture=neutral, PublicKeyToken=null'. O sistema não pode encontrar o arquivo especificado.
File name: 'Microsoft.Bcl.AsyncInterfaces, Culture=neutral, PublicKeyToken=null'
   at System.Reflection.RuntimeAssembly.InternalLoad(AssemblyName assemblyName, StackCrawlMark& stackMark, AssemblyLoadContext assemblyLoadContext, RuntimeAssembly requestingAssembly, Boolean throwOnFileNotFound)
   at System.Reflection.Assembly.Load(AssemblyName assemblyRef)
   at Microsoft.VisualStudio.TestPlatform.Common.ExtensionFramework.TestPluginCache.CurrentDomainAssemblyResolve(Object sender, AssemblyResolveEventArgs args) in /_/src/Microsoft.TestPlatform.Common/ExtensionFramework/TestPluginCache.cs:line 513
   at System.Runtime.Loader.AssemblyLoadContext.GetFirstResolvedAssemblyFromResolvingEvent(AssemblyName assemblyName)
   at System.Runtime.Loader.AssemblyLoadContext.ResolveUsingEvent(AssemblyName assemblyName)
   at System.Runtime.Loader.AssemblyLoadContext.ResolveUsingResolvingEvent(IntPtr gchManagedAssemblyLoadContext, AssemblyName assemblyName)
TpTrace Information: 0 : 40816, 1, 2023/10/28, 14:28:54.764, 8842012303855, vstest.console.dll, AssemblyResolver.OnResolve: Microsoft.TestPlatform.Extensions.BlameDataCollector: Resolving assembly.
TpTrace Information: 0 : 40816, 1, 2023/10/28, 14:28:54.764, 8842012304230, vstest.console.dll, AssemblyResolver.OnResolve: Microsoft.TestPlatform.Extensions.BlameDataCollector: Searching in: 'C:\Program Files\dotnet\sdk\7.0.400\Extensions'.
TpTrace Information: 0 : 40816, 1, 2023/10/28, 14:28:54.766, 8842012317246, vstest.console.dll, AssemblyResolver.OnResolve: Microsoft.TestPlatform.Extensions.BlameDataCollector: Loading assembly 'C:\Program Files\dotnet\sdk\7.0.400\Extensions\Microsoft.TestPlatform.Extensions.BlameDataCollector.dll'.
TpTrace Information: 0 : 40816, 1, 2023/10/28, 14:28:54.767, 8842012327843, vstest.console.dll, AssemblyResolver.OnResolve: Resolved assembly: Microsoft.TestPlatform.Extensions.BlameDataCollector, from path: C:\Program Files\dotnet\sdk\7.0.400\Extensions\Microsoft.TestPlatform.Extensions.BlameDataCollector.dll
TpTrace Verbose: 0 : 40816, 1, 2023/10/28, 14:28:54.767, 8842012328489, vstest.console.dll, MetadataReaderExtensionsHelper: Discovering extensions inside assembly 'Microsoft.TestPlatform.Extensions.BlameDataCollector, Version=15.0.0.0, Culture=neutral, PublicKeyToken=b03f5f7f11d50a3a' file path 'C:\Program Files\dotnet\sdk\7.0.400\Extensions\Microsoft.TestPlatform.Extensions.BlameDataCollector.dll'
TpTrace Information: 0 : 40816, 1, 2023/10/28, 14:28:54.768, 8842012342231, vstest.console.dll, AssemblyResolver.OnResolve: Microsoft.TestPlatform.Extensions.EventLogCollector: Resolving assembly.
TpTrace Information: 0 : 40816, 1, 2023/10/28, 14:28:54.768, 8842012343023, vstest.console.dll, AssemblyResolver.OnResolve: Microsoft.TestPlatform.Extensions.EventLogCollector: Searching in: 'C:\Program Files\dotnet\sdk\7.0.400\Extensions'.
TpTrace Information: 0 : 40816, 1, 2023/10/28, 14:28:54.769, 8842012351018, vstest.console.dll, AssemblyResolver.OnResolve: Microsoft.TestPlatform.Extensions.EventLogCollector: Loading assembly 'C:\Program Files\dotnet\sdk\7.0.400\Extensions\Microsoft.TestPlatform.Extensions.EventLogCollector.dll'.
TpTrace Information: 0 : 40816, 1, 2023/10/28, 14:28:54.770, 8842012360401, vstest.console.dll, AssemblyResolver.OnResolve: Resolved assembly: Microsoft.TestPlatform.Extensions.EventLogCollector, from path: C:\Program Files\dotnet\sdk\7.0.400\Extensions\Microsoft.TestPlatform.Extensions.EventLogCollector.dll
TpTrace Verbose: 0 : 40816, 1, 2023/10/28, 14:28:54.770, 8842012361080, vstest.console.dll, MetadataReaderExtensionsHelper: Discovering extensions inside assembly 'Microsoft.TestPlatform.Extensions.EventLogCollector, Version=15.0.0.0, Culture=neutral, PublicKeyToken=b03f5f7f11d50a3a' file path 'C:\Program Files\dotnet\sdk\7.0.400\Extensions\Microsoft.TestPlatform.Extensions.EventLogCollector.dll'
TpTrace Information: 0 : 40816, 1, 2023/10/28, 14:28:54.772, 8842012387016, vstest.console.dll, AssemblyResolver.OnResolve: Microsoft.TestPlatform.TestHostRuntimeProvider: Resolving assembly.
TpTrace Information: 0 : 40816, 1, 2023/10/28, 14:28:54.773, 8842012387541, vstest.console.dll, AssemblyResolver.OnResolve: Microsoft.TestPlatform.TestHostRuntimeProvider: Searching in: 'C:\Program Files\dotnet\sdk\7.0.400\Extensions'.
TpTrace Information: 0 : 40816, 1, 2023/10/28, 14:28:54.773, 8842012396884, vstest.console.dll, AssemblyResolver.OnResolve: Microsoft.TestPlatform.TestHostRuntimeProvider: Loading assembly 'C:\Program Files\dotnet\sdk\7.0.400\Extensions\Microsoft.TestPlatform.TestHostRuntimeProvider.dll'.
TpTrace Information: 0 : 40816, 1, 2023/10/28, 14:28:54.774, 8842012405857, vstest.console.dll, AssemblyResolver.OnResolve: Resolved assembly: Microsoft.TestPlatform.TestHostRuntimeProvider, from path: C:\Program Files\dotnet\sdk\7.0.400\Extensions\Microsoft.TestPlatform.TestHostRuntimeProvider.dll
TpTrace Verbose: 0 : 40816, 1, 2023/10/28, 14:28:54.774, 8842012406385, vstest.console.dll, MetadataReaderExtensionsHelper: Discovering extensions inside assembly 'Microsoft.TestPlatform.TestHostRuntimeProvider, Version=15.0.0.0, Culture=neutral, PublicKeyToken=b03f5f7f11d50a3a' file path 'C:\Program Files\dotnet\sdk\7.0.400\Extensions\Microsoft.TestPlatform.TestHostRuntimeProvider.dll'
TpTrace Information: 0 : 40816, 1, 2023/10/28, 14:28:54.776, 8842012421672, vstest.console.dll, GetTestExtensionFromType: Register extension with identifier data 'HostProvider://DefaultTestHost' and type 'Microsoft.VisualStudio.TestPlatform.CrossPlatEngine.Hosting.DefaultTestHostManager, Microsoft.TestPlatform.TestHostRuntimeProvider, Version=15.0.0.0, Culture=neutral, PublicKeyToken=b03f5f7f11d50a3a' inside file 'C:\Program Files\dotnet\sdk\7.0.400\Extensions\Microsoft.TestPlatform.TestHostRuntimeProvider.dll'
TpTrace Information: 0 : 40816, 1, 2023/10/28, 14:28:54.776, 8842012423365, vstest.console.dll, GetTestExtensionFromType: Register extension with identifier data 'HostProvider://DotnetTestHost' and type 'Microsoft.VisualStudio.TestPlatform.CrossPlatEngine.Hosting.DotnetTestHostManager, Microsoft.TestPlatform.TestHostRuntimeProvider, Version=15.0.0.0, Culture=neutral, PublicKeyToken=b03f5f7f11d50a3a' inside file 'C:\Program Files\dotnet\sdk\7.0.400\Extensions\Microsoft.TestPlatform.TestHostRuntimeProvider.dll'
TpTrace Information: 0 : 40816, 1, 2023/10/28, 14:28:54.776, 8842012423875, vstest.console.dll, AssemblyResolver.OnResolve: Microsoft.VisualStudio.TestPlatform.Extensions.Html.TestLogger: Resolving assembly.
TpTrace Information: 0 : 40816, 1, 2023/10/28, 14:28:54.776, 8842012424125, vstest.console.dll, AssemblyResolver.OnResolve: Microsoft.VisualStudio.TestPlatform.Extensions.Html.TestLogger: Searching in: 'C:\Program Files\dotnet\sdk\7.0.400\Extensions'.
TpTrace Information: 0 : 40816, 1, 2023/10/28, 14:28:54.777, 8842012435295, vstest.console.dll, AssemblyResolver.OnResolve: Microsoft.VisualStudio.TestPlatform.Extensions.Html.TestLogger: Loading assembly 'C:\Program Files\dotnet\sdk\7.0.400\Extensions\Microsoft.VisualStudio.TestPlatform.Extensions.Html.TestLogger.dll'.
TpTrace Information: 0 : 40816, 1, 2023/10/28, 14:28:54.778, 8842012441053, vstest.console.dll, AssemblyResolver.OnResolve: Resolved assembly: Microsoft.VisualStudio.TestPlatform.Extensions.Html.TestLogger, from path: C:\Program Files\dotnet\sdk\7.0.400\Extensions\Microsoft.VisualStudio.TestPlatform.Extensions.Html.TestLogger.dll
TpTrace Verbose: 0 : 40816, 1, 2023/10/28, 14:28:54.778, 8842012441498, vstest.console.dll, MetadataReaderExtensionsHelper: Discovering extensions inside assembly 'Microsoft.VisualStudio.TestPlatform.Extensions.Html.TestLogger, Version=15.0.0.0, Culture=neutral, PublicKeyToken=b03f5f7f11d50a3a' file path 'C:\Program Files\dotnet\sdk\7.0.400\Extensions\Microsoft.VisualStudio.TestPlatform.Extensions.Html.TestLogger.dll'
TpTrace Information: 0 : 40816, 1, 2023/10/28, 14:28:54.779, 8842012448724, vstest.console.dll, AssemblyResolver.OnResolve: Microsoft.VisualStudio.TestPlatform.Extensions.Trx.TestLogger: Resolving assembly.
TpTrace Information: 0 : 40816, 1, 2023/10/28, 14:28:54.779, 8842012449166, vstest.console.dll, AssemblyResolver.OnResolve: Microsoft.VisualStudio.TestPlatform.Extensions.Trx.TestLogger: Searching in: 'C:\Program Files\dotnet\sdk\7.0.400\Extensions'.
TpTrace Information: 0 : 40816, 1, 2023/10/28, 14:28:54.780, 8842012462104, vstest.console.dll, AssemblyResolver.OnResolve: Microsoft.VisualStudio.TestPlatform.Extensions.Trx.TestLogger: Loading assembly 'C:\Program Files\dotnet\sdk\7.0.400\Extensions\Microsoft.VisualStudio.TestPlatform.Extensions.Trx.TestLogger.dll'.
TpTrace Information: 0 : 40816, 1, 2023/10/28, 14:28:54.781, 8842012474108, vstest.console.dll, AssemblyResolver.OnResolve: Resolved assembly: Microsoft.VisualStudio.TestPlatform.Extensions.Trx.TestLogger, from path: C:\Program Files\dotnet\sdk\7.0.400\Extensions\Microsoft.VisualStudio.TestPlatform.Extensions.Trx.TestLogger.dll
TpTrace Verbose: 0 : 40816, 1, 2023/10/28, 14:28:54.781, 8842012474598, vstest.console.dll, MetadataReaderExtensionsHelper: Discovering extensions inside assembly 'Microsoft.VisualStudio.TestPlatform.Extensions.Trx.TestLogger, Version=15.0.0.0, Culture=neutral, PublicKeyToken=b03f5f7f11d50a3a' file path 'C:\Program Files\dotnet\sdk\7.0.400\Extensions\Microsoft.VisualStudio.TestPlatform.Extensions.Trx.TestLogger.dll'
TpTrace Verbose: 0 : 40816, 1, 2023/10/28, 14:28:54.782, 8842012485555, vstest.console.dll, TestPluginCache: Discovered the extensions using extension path ''.
TpTrace Verbose: 0 : 40816, 1, 2023/10/28, 14:28:54.782, 8842012485984, vstest.console.dll, TestPluginCache: Discoverers are ''.
TpTrace Verbose: 0 : 40816, 1, 2023/10/28, 14:28:54.782, 8842012486127, vstest.console.dll, TestPluginCache: Executors are ''.
TpTrace Verbose: 0 : 40816, 1, 2023/10/28, 14:28:54.782, 8842012486247, vstest.console.dll, TestPluginCache: Executors2 are ''.
TpTrace Verbose: 0 : 40816, 1, 2023/10/28, 14:28:54.782, 8842012486366, vstest.console.dll, TestPluginCache: Setting providers are ''.
TpTrace Verbose: 0 : 40816, 1, 2023/10/28, 14:28:54.782, 8842012486486, vstest.console.dll, TestPluginCache: Loggers are ''.
TpTrace Verbose: 0 : 40816, 1, 2023/10/28, 14:28:54.782, 8842012486947, vstest.console.dll, TestPluginCache: TestHosts are 'HostProvider://DefaultTestHost,HostProvider://DotnetTestHost'.
TpTrace Verbose: 0 : 40816, 1, 2023/10/28, 14:28:54.783, 8842012487114, vstest.console.dll, TestPluginCache: DataCollectors are ''.
TpTrace Information: 0 : 40816, 1, 2023/10/28, 14:28:54.801, 8842012670593, vstest.console.dll, RunTestsArgumentProcessor:Execute: Test run is starting.
TpTrace Verbose: 0 : 40816, 1, 2023/10/28, 14:28:54.801, 8842012671827, vstest.console.dll, RunTestsArgumentProcessor:Execute: Queuing Test run.
TpTrace Information: 0 : 40816, 1, 2023/10/28, 14:28:54.801, 8842012673813, vstest.console.dll, TestRequestManager.RunTests: run tests started.
TpTrace Information: 0 : 40816, 1, 2023/10/28, 14:28:54.802, 8842012683148, vstest.console.dll, AssemblyMetadataProvider.GetFrameworkName: Determined framework:'.NETCoreApp,Version=v6.0' for source: 'C:\dev\MAZE\FinancingSimulation\FinancingSimulation.Tests\bin\Debug\net6.0\fine-code-coverage\build-output\FinancingSimulation.Tests.dll'
TpTrace Information: 0 : 40816, 1, 2023/10/28, 14:28:54.802, 8842012684850, vstest.console.dll, Determined framework for all sources: .NETCoreApp,Version=v6.0
TpTrace Verbose: 0 : 40816, 1, 2023/10/28, 14:28:54.803, 8842012690214, vstest.console.dll, TestRequestManager.UpdateRunSettingsIfRequired: Default architecture: X64 IsDefaultTargetArchitecture: True, Current process architecture: X64 OperatingSystem: Windows.
TpTrace Information: 0 : 40816, 1, 2023/10/28, 14:28:54.804, 8842012703000, vstest.console.dll, AssemblyMetadataProvider.GetArchitecture: Determined architecture:AnyCPU info for assembly: C:\dev\MAZE\FinancingSimulation\FinancingSimulation.Tests\bin\Debug\net6.0\fine-code-coverage\build-output\FinancingSimulation.Tests.dll
TpTrace Information: 0 : 40816, 1, 2023/10/28, 14:28:54.804, 8842012703350, vstest.console.dll, Determined platform for source 'C:\dev\MAZE\FinancingSimulation\FinancingSimulation.Tests\bin\Debug\net6.0\fine-code-coverage\build-output\FinancingSimulation.Tests.dll' was AnyCPU and it will use the default plaform X64.
TpTrace Information: 0 : 40816, 1, 2023/10/28, 14:28:54.804, 8842012703511, vstest.console.dll, None of the sources provided any runnable platform, using the default platform: X64
TpTrace Information: 0 : 40816, 1, 2023/10/28, 14:28:54.804, 8842012704022, vstest.console.dll, Platform was updated to 'X64'.
TpTrace Information: 0 : 40816, 1, 2023/10/28, 14:28:54.808, 8842012745697, vstest.console.dll, InferRunSettingsHelper.IsTestSettingsEnabled: Unable to navigate to RunSettings/MSTest. Current node: RunSettings
TpTrace Information: 0 : 40816, 1, 2023/10/28, 14:28:54.809, 8842012749958, vstest.console.dll, AssemblyResolver.OnResolve: Microsoft.VisualStudio.TestPlatform.Fakes: Resolving assembly.
TpTrace Information: 0 : 40816, 1, 2023/10/28, 14:28:54.809, 8842012750512, vstest.console.dll, AssemblyResolver.OnResolve: Microsoft.VisualStudio.TestPlatform.Fakes: Searching in: 'C:\Program Files\dotnet\sdk\7.0.400\Extensions'.
TpTrace Information: 0 : 40816, 1, 2023/10/28, 14:28:54.809, 8842012751120, vstest.console.dll, AssemblyResolver.OnResolve: Microsoft.VisualStudio.TestPlatform.Fakes: Assembly path does not exist: 'C:\Program Files\dotnet\sdk\7.0.400\Extensions\Microsoft.VisualStudio.TestPlatform.Fakes.dll', returning.
TpTrace Information: 0 : 40816, 1, 2023/10/28, 14:28:54.809, 8842012751518, vstest.console.dll, AssemblyResolver.OnResolve: Microsoft.VisualStudio.TestPlatform.Fakes: Assembly path does not exist: 'C:\Program Files\dotnet\sdk\7.0.400\Extensions\Microsoft.VisualStudio.TestPlatform.Fakes.exe', returning.
TpTrace Information: 0 : 40816, 1, 2023/10/28, 14:28:54.809, 8842012751723, vstest.console.dll, AssemblyResolver.OnResolve: Microsoft.VisualStudio.TestPlatform.Fakes: Searching in: 'C:\Program Files\dotnet\sdk\7.0.400'.
TpTrace Information: 0 : 40816, 1, 2023/10/28, 14:28:54.809, 8842012752123, vstest.console.dll, AssemblyResolver.OnResolve: Microsoft.VisualStudio.TestPlatform.Fakes: Assembly path does not exist: 'C:\Program Files\dotnet\sdk\7.0.400\Microsoft.VisualStudio.TestPlatform.Fakes.dll', returning.
TpTrace Information: 0 : 40816, 1, 2023/10/28, 14:28:54.809, 8842012752512, vstest.console.dll, AssemblyResolver.OnResolve: Microsoft.VisualStudio.TestPlatform.Fakes: Assembly path does not exist: 'C:\Program Files\dotnet\sdk\7.0.400\Microsoft.VisualStudio.TestPlatform.Fakes.exe', returning.
TpTrace Information: 0 : 40816, 1, 2023/10/28, 14:28:54.809, 8842012752701, vstest.console.dll, AssemblyResolver.OnResolve: Microsoft.VisualStudio.TestPlatform.Fakes: Failed to load assembly.
TpTrace Information: 0 : 40816, 1, 2023/10/28, 14:28:54.809, 8842012754845, vstest.console.dll, Failed to load assembly Microsoft.VisualStudio.TestPlatform.Fakes, Version=17.0.0.0, Culture=neutral. Reason:System.IO.FileNotFoundException: Could not load file or assembly 'Microsoft.VisualStudio.TestPlatform.Fakes, Version=17.0.0.0, Culture=neutral, PublicKeyToken=null'. O sistema não pode encontrar o arquivo especificado.
File name: 'Microsoft.VisualStudio.TestPlatform.Fakes, Version=17.0.0.0, Culture=neutral, PublicKeyToken=null'
   at System.Reflection.RuntimeAssembly.InternalLoad(AssemblyName assemblyName, StackCrawlMark& stackMark, AssemblyLoadContext assemblyLoadContext, RuntimeAssembly requestingAssembly, Boolean throwOnFileNotFound)
   at System.Reflection.Assembly.Load(AssemblyName assemblyRef)
   at Microsoft.VisualStudio.TestPlatform.Common.Utilities.FakesUtilities.LoadTestPlatformAssembly() in /_/src/Microsoft.TestPlatform.Common/Utilities/FakesUtilities.cs:line 272
TpTrace Verbose: 0 : 40816, 1, 2023/10/28, 14:28:54.812, 8842012785305, vstest.console.dll, TestPluginCache.DiscoverTestExtensions: finding test extensions in assemblies ends with: TestLogger.dll TPluginInfo: Microsoft.VisualStudio.TestPlatform.Common.ExtensionFramework.Utilities.TestLoggerPluginInformation TExtension: Microsoft.VisualStudio.TestPlatform.ObjectModel.Client.ITestLogger
TpTrace Verbose: 0 : 40816, 1, 2023/10/28, 14:28:54.812, 8842012786054, vstest.console.dll, TestPluginCache.GetExtensionPaths: Filtered extension paths: 
TpTrace Verbose: 0 : 40816, 1, 2023/10/28, 14:28:54.812, 8842012786254, vstest.console.dll, TestPluginCache.GetExtensionPaths: Added default extension paths: C:\Program Files\dotnet\sdk\7.0.400\Extensions\Microsoft.Diagnostics.NETCore.Client.dll
C:\Program Files\dotnet\sdk\7.0.400\Extensions\Microsoft.TestPlatform.Extensions.BlameDataCollector.dll
C:\Program Files\dotnet\sdk\7.0.400\Extensions\Microsoft.TestPlatform.Extensions.EventLogCollector.dll
C:\Program Files\dotnet\sdk\7.0.400\Extensions\Microsoft.TestPlatform.TestHostRuntimeProvider.dll
C:\Program Files\dotnet\sdk\7.0.400\Extensions\Microsoft.VisualStudio.TestPlatform.Extensions.Html.TestLogger.dll
C:\Program Files\dotnet\sdk\7.0.400\Extensions\Microsoft.VisualStudio.TestPlatform.Extensions.Trx.TestLogger.dll
TpTrace Verbose: 0 : 40816, 1, 2023/10/28, 14:28:54.812, 8842012786453, vstest.console.dll, TestPluginCache.GetExtensionPaths: Added unfilterableExtensionPaths: 
TpTrace Information: 0 : 40816, 1, 2023/10/28, 14:28:54.813, 8842012787357, vstest.console.dll, AssemblyResolver.AddSearchDirectories: Adding more searchDirectories C:\Program Files\dotnet\sdk\7.0.400\Extensions,C:\Program Files\dotnet\sdk\7.0.400
TpTrace Verbose: 0 : 40816, 1, 2023/10/28, 14:28:54.813, 8842012787654, vstest.console.dll, TestPluginCache.DiscoverTestExtensions: Discovering the extensions using extension path.
TpTrace Verbose: 0 : 40816, 1, 2023/10/28, 14:28:54.813, 8842012787911, vstest.console.dll, TestPluginCache.GetExtensionPaths: Filtered extension paths: 
TpTrace Verbose: 0 : 40816, 1, 2023/10/28, 14:28:54.813, 8842012788068, vstest.console.dll, TestPluginCache.GetExtensionPaths: Added default extension paths: C:\Program Files\dotnet\sdk\7.0.400\Extensions\Microsoft.Diagnostics.NETCore.Client.dll
C:\Program Files\dotnet\sdk\7.0.400\Extensions\Microsoft.TestPlatform.Extensions.BlameDataCollector.dll
C:\Program Files\dotnet\sdk\7.0.400\Extensions\Microsoft.TestPlatform.Extensions.EventLogCollector.dll
C:\Program Files\dotnet\sdk\7.0.400\Extensions\Microsoft.TestPlatform.TestHostRuntimeProvider.dll
C:\Program Files\dotnet\sdk\7.0.400\Extensions\Microsoft.VisualStudio.TestPlatform.Extensions.Html.TestLogger.dll
C:\Program Files\dotnet\sdk\7.0.400\Extensions\Microsoft.VisualStudio.TestPlatform.Extensions.Trx.TestLogger.dll
TpTrace Verbose: 0 : 40816, 1, 2023/10/28, 14:28:54.813, 8842012788221, vstest.console.dll, TestPluginCache.GetExtensionPaths: Added unfilterableExtensionPaths: 
TpTrace Verbose: 0 : 40816, 1, 2023/10/28, 14:28:54.813, 8842012788408, vstest.console.dll, TestPluginCache.DiscoverTestExtensions: Discovering the extensions using allExtensionPaths: C:\Program Files\dotnet\sdk\7.0.400\Extensions\Microsoft.Diagnostics.NETCore.Client.dll
C:\Program Files\dotnet\sdk\7.0.400\Extensions\Microsoft.TestPlatform.Extensions.BlameDataCollector.dll
C:\Program Files\dotnet\sdk\7.0.400\Extensions\Microsoft.TestPlatform.Extensions.EventLogCollector.dll
C:\Program Files\dotnet\sdk\7.0.400\Extensions\Microsoft.TestPlatform.TestHostRuntimeProvider.dll
C:\Program Files\dotnet\sdk\7.0.400\Extensions\Microsoft.VisualStudio.TestPlatform.Extensions.Html.TestLogger.dll
C:\Program Files\dotnet\sdk\7.0.400\Extensions\Microsoft.VisualStudio.TestPlatform.Extensions.Trx.TestLogger.dll
TpTrace Information: 0 : 40816, 1, 2023/10/28, 14:28:54.813, 8842012789033, vstest.console.dll, AssemblyResolver.AddSearchDirectories: Adding more searchDirectories C:\Program Files\dotnet\sdk\7.0.400\Extensions,C:\Program Files\dotnet\sdk\7.0.400
TpTrace Information: 0 : 40816, 1, 2023/10/28, 14:28:54.813, 8842012789253, vstest.console.dll, AssemblyResolver.AddSearchDirectories: Adding more searchDirectories C:\Program Files\dotnet\sdk\7.0.400\Extensions,C:\Program Files\dotnet\sdk\7.0.400
TpTrace Information: 0 : 40816, 1, 2023/10/28, 14:28:54.813, 8842012789416, vstest.console.dll, AssemblyResolver.AddSearchDirectories: Adding more searchDirectories C:\Program Files\dotnet\sdk\7.0.400\Extensions,C:\Program Files\dotnet\sdk\7.0.400
TpTrace Information: 0 : 40816, 1, 2023/10/28, 14:28:54.813, 8842012789571, vstest.console.dll, AssemblyResolver.AddSearchDirectories: Adding more searchDirectories C:\Program Files\dotnet\sdk\7.0.400\Extensions,C:\Program Files\dotnet\sdk\7.0.400
TpTrace Information: 0 : 40816, 1, 2023/10/28, 14:28:54.813, 8842012789760, vstest.console.dll, AssemblyResolver.AddSearchDirectories: Adding more searchDirectories C:\Program Files\dotnet\sdk\7.0.400\Extensions,C:\Program Files\dotnet\sdk\7.0.400
TpTrace Information: 0 : 40816, 1, 2023/10/28, 14:28:54.813, 8842012789914, vstest.console.dll, AssemblyResolver.AddSearchDirectories: Adding more searchDirectories C:\Program Files\dotnet\sdk\7.0.400\Extensions,C:\Program Files\dotnet\sdk\7.0.400
TpTrace Verbose: 0 : 40816, 1, 2023/10/28, 14:28:54.813, 8842012790552, vstest.console.dll, MetadataReaderExtensionsHelper: Discovering extensions inside assembly 'Microsoft.Diagnostics.NETCore.Client, Version=0.2.8.21101, Culture=neutral, PublicKeyToken=31bf3856ad364e35' file path 'C:\Program Files\dotnet\sdk\7.0.400\Extensions\Microsoft.Diagnostics.NETCore.Client.dll'
TpTrace Information: 0 : 40816, 1, 2023/10/28, 14:28:54.813, 8842012795863, vstest.console.dll, AssemblyResolver.OnResolve: Microsoft.Bcl.AsyncInterfaces: Resolving assembly.
TpTrace Information: 0 : 40816, 1, 2023/10/28, 14:28:54.813, 8842012796257, vstest.console.dll, AssemblyResolver.OnResolve: Microsoft.Bcl.AsyncInterfaces: Resolved from cache.
TpTrace Verbose: 0 : 40816, 1, 2023/10/28, 14:28:54.813, 8842012796424, vstest.console.dll, CurrentDomainAssemblyResolve: Resolving assembly 'Microsoft.Bcl.AsyncInterfaces'.
TpTrace Information: 0 : 40816, 1, 2023/10/28, 14:28:54.813, 8842012796671, vstest.console.dll, AssemblyResolver.OnResolve: Microsoft.Bcl.AsyncInterfaces: Resolving assembly.
TpTrace Information: 0 : 40816, 1, 2023/10/28, 14:28:54.813, 8842012796896, vstest.console.dll, AssemblyResolver.OnResolve: Microsoft.Bcl.AsyncInterfaces: Resolved from cache.
TpTrace Verbose: 0 : 40816, 1, 2023/10/28, 14:28:54.813, 8842012797039, vstest.console.dll, CurrentDomainAssemblyResolve: Resolving assembly 'Microsoft.Bcl.AsyncInterfaces'.
TpTrace Verbose: 0 : 40816, 1, 2023/10/28, 14:28:54.814, 8842012797178, vstest.console.dll, CurrentDomainAssemblyResolve: Failed to resolve assembly 'Microsoft.Bcl.AsyncInterfaces'.
TpTrace Verbose: 0 : 40816, 1, 2023/10/28, 14:28:54.814, 8842012798158, vstest.console.dll, CurrentDomainAssemblyResolve: Failed to resolve assembly 'Microsoft.Bcl.AsyncInterfaces'.
TpTrace Warning: 0 : 40816, 1, 2023/10/28, 14:28:54.814, 8842012800443, vstest.console.dll, TestPluginDiscoverer: Failed to get types from assembly 'Microsoft.Diagnostics.NETCore.Client, Version=0.2.8.21101, Culture=neutral, PublicKeyToken=31bf3856ad364e35'. Error: System.Reflection.ReflectionTypeLoadException: Unable to load one or more of the requested types.
Could not load file or assembly 'Microsoft.Bcl.AsyncInterfaces, Version=1.0.0.0, Culture=neutral, PublicKeyToken=cc7b13ffcd2ddd51'. O sistema não pode encontrar o arquivo especificado.
   at System.Reflection.RuntimeModule.GetTypes(RuntimeModule module)
   at System.Reflection.Assembly.GetTypes()
   at Microsoft.VisualStudio.TestPlatform.Common.ExtensionFramework.TestPluginDiscoverer.GetTestExtensionsFromAssembly[TPluginInfo,TExtension](Assembly assembly, Dictionary`2 pluginInfos, String filePath) in /_/src/Microsoft.TestPlatform.Common/ExtensionFramework/TestPluginDiscoverer.cs:line 158
System.IO.FileNotFoundException: Could not load file or assembly 'Microsoft.Bcl.AsyncInterfaces, Version=1.0.0.0, Culture=neutral, PublicKeyToken=cc7b13ffcd2ddd51'. O sistema não pode encontrar o arquivo especificado.
File name: 'Microsoft.Bcl.AsyncInterfaces, Version=1.0.0.0, Culture=neutral, PublicKeyToken=cc7b13ffcd2ddd51'
 ---> System.IO.FileNotFoundException: Could not load file or assembly 'Microsoft.Bcl.AsyncInterfaces, Culture=neutral, PublicKeyToken=null'. O sistema não pode encontrar o arquivo especificado.
File name: 'Microsoft.Bcl.AsyncInterfaces, Culture=neutral, PublicKeyToken=null'
   at System.Reflection.RuntimeAssembly.InternalLoad(AssemblyName assemblyName, StackCrawlMark& stackMark, AssemblyLoadContext assemblyLoadContext, RuntimeAssembly requestingAssembly, Boolean throwOnFileNotFound)
   at System.Reflection.Assembly.Load(AssemblyName assemblyRef)
   at Microsoft.VisualStudio.TestPlatform.Common.ExtensionFramework.TestPluginCache.CurrentDomainAssemblyResolve(Object sender, AssemblyResolveEventArgs args) in /_/src/Microsoft.TestPlatform.Common/ExtensionFramework/TestPluginCache.cs:line 513
   at System.Runtime.Loader.AssemblyLoadContext.GetFirstResolvedAssemblyFromResolvingEvent(AssemblyName assemblyName)
   at System.Runtime.Loader.AssemblyLoadContext.ResolveUsingEvent(AssemblyName assemblyName)
   at System.Runtime.Loader.AssemblyLoadContext.ResolveUsingResolvingEvent(IntPtr gchManagedAssemblyLoadContext, AssemblyName assemblyName)
TpTrace Warning: 0 : 40816, 1, 2023/10/28, 14:28:54.814, 8842012801444, vstest.console.dll, LoaderExceptions: System.IO.FileNotFoundException: Could not load file or assembly 'Microsoft.Bcl.AsyncInterfaces, Version=1.0.0.0, Culture=neutral, PublicKeyToken=cc7b13ffcd2ddd51'. O sistema não pode encontrar o arquivo especificado.
File name: 'Microsoft.Bcl.AsyncInterfaces, Version=1.0.0.0, Culture=neutral, PublicKeyToken=cc7b13ffcd2ddd51'
 ---> System.IO.FileNotFoundException: Could not load file or assembly 'Microsoft.Bcl.AsyncInterfaces, Culture=neutral, PublicKeyToken=null'. O sistema não pode encontrar o arquivo especificado.
File name: 'Microsoft.Bcl.AsyncInterfaces, Culture=neutral, PublicKeyToken=null'
   at System.Reflection.RuntimeAssembly.InternalLoad(AssemblyName assemblyName, StackCrawlMark& stackMark, AssemblyLoadContext assemblyLoadContext, RuntimeAssembly requestingAssembly, Boolean throwOnFileNotFound)
   at System.Reflection.Assembly.Load(AssemblyName assemblyRef)
   at Microsoft.VisualStudio.TestPlatform.Common.ExtensionFramework.TestPluginCache.CurrentDomainAssemblyResolve(Object sender, AssemblyResolveEventArgs args) in /_/src/Microsoft.TestPlatform.Common/ExtensionFramework/TestPluginCache.cs:line 513
   at System.Runtime.Loader.AssemblyLoadContext.GetFirstResolvedAssemblyFromResolvingEvent(AssemblyName assemblyName)
   at System.Runtime.Loader.AssemblyLoadContext.ResolveUsingEvent(AssemblyName assemblyName)
   at System.Runtime.Loader.AssemblyLoadContext.ResolveUsingResolvingEvent(IntPtr gchManagedAssemblyLoadContext, AssemblyName assemblyName)
TpTrace Verbose: 0 : 40816, 1, 2023/10/28, 14:28:54.814, 8842012801921, vstest.console.dll, MetadataReaderExtensionsHelper: Discovering extensions inside assembly 'Microsoft.TestPlatform.Extensions.BlameDataCollector, Version=15.0.0.0, Culture=neutral, PublicKeyToken=b03f5f7f11d50a3a' file path 'C:\Program Files\dotnet\sdk\7.0.400\Extensions\Microsoft.TestPlatform.Extensions.BlameDataCollector.dll'
TpTrace Information: 0 : 40816, 1, 2023/10/28, 14:28:54.814, 8842012805329, vstest.console.dll, GetTestExtensionFromType: Register extension with identifier data 'logger://Microsoft/TestPlatform/Extensions/Blame/v1' and type 'Microsoft.TestPlatform.Extensions.BlameDataCollector.BlameLogger, Microsoft.TestPlatform.Extensions.BlameDataCollector, Version=15.0.0.0, Culture=neutral, PublicKeyToken=b03f5f7f11d50a3a' inside file 'C:\Program Files\dotnet\sdk\7.0.400\Extensions\Microsoft.TestPlatform.Extensions.BlameDataCollector.dll'
TpTrace Verbose: 0 : 40816, 1, 2023/10/28, 14:28:54.814, 8842012805753, vstest.console.dll, MetadataReaderExtensionsHelper: Discovering extensions inside assembly 'Microsoft.TestPlatform.Extensions.EventLogCollector, Version=15.0.0.0, Culture=neutral, PublicKeyToken=b03f5f7f11d50a3a' file path 'C:\Program Files\dotnet\sdk\7.0.400\Extensions\Microsoft.TestPlatform.Extensions.EventLogCollector.dll'
TpTrace Verbose: 0 : 40816, 1, 2023/10/28, 14:28:54.815, 8842012807758, vstest.console.dll, MetadataReaderExtensionsHelper: Discovering extensions inside assembly 'Microsoft.TestPlatform.TestHostRuntimeProvider, Version=15.0.0.0, Culture=neutral, PublicKeyToken=b03f5f7f11d50a3a' file path 'C:\Program Files\dotnet\sdk\7.0.400\Extensions\Microsoft.TestPlatform.TestHostRuntimeProvider.dll'
TpTrace Verbose: 0 : 40816, 1, 2023/10/28, 14:28:54.815, 8842012809943, vstest.console.dll, MetadataReaderExtensionsHelper: Discovering extensions inside assembly 'Microsoft.VisualStudio.TestPlatform.Extensions.Html.TestLogger, Version=15.0.0.0, Culture=neutral, PublicKeyToken=b03f5f7f11d50a3a' file path 'C:\Program Files\dotnet\sdk\7.0.400\Extensions\Microsoft.VisualStudio.TestPlatform.Extensions.Html.TestLogger.dll'
TpTrace Information: 0 : 40816, 1, 2023/10/28, 14:28:54.815, 8842012813254, vstest.console.dll, GetTestExtensionFromType: Register extension with identifier data 'logger://Microsoft/TestPlatform/HtmlLogger/v1' and type 'Microsoft.VisualStudio.TestPlatform.Extensions.HtmlLogger.HtmlLogger, Microsoft.VisualStudio.TestPlatform.Extensions.Html.TestLogger, Version=15.0.0.0, Culture=neutral, PublicKeyToken=b03f5f7f11d50a3a' inside file 'C:\Program Files\dotnet\sdk\7.0.400\Extensions\Microsoft.VisualStudio.TestPlatform.Extensions.Html.TestLogger.dll'
TpTrace Verbose: 0 : 40816, 1, 2023/10/28, 14:28:54.815, 8842012813689, vstest.console.dll, MetadataReaderExtensionsHelper: Discovering extensions inside assembly 'Microsoft.VisualStudio.TestPlatform.Extensions.Trx.TestLogger, Version=15.0.0.0, Culture=neutral, PublicKeyToken=b03f5f7f11d50a3a' file path 'C:\Program Files\dotnet\sdk\7.0.400\Extensions\Microsoft.VisualStudio.TestPlatform.Extensions.Trx.TestLogger.dll'
TpTrace Information: 0 : 40816, 1, 2023/10/28, 14:28:54.815, 8842012815939, vstest.console.dll, GetTestExtensionFromType: Register extension with identifier data 'logger://Microsoft/TestPlatform/TrxLogger/v1' and type 'Microsoft.VisualStudio.TestPlatform.Extensions.TrxLogger.TrxLogger, Microsoft.VisualStudio.TestPlatform.Extensions.Trx.TestLogger, Version=15.0.0.0, Culture=neutral, PublicKeyToken=b03f5f7f11d50a3a' inside file 'C:\Program Files\dotnet\sdk\7.0.400\Extensions\Microsoft.VisualStudio.TestPlatform.Extensions.Trx.TestLogger.dll'
TpTrace Verbose: 0 : 40816, 1, 2023/10/28, 14:28:54.815, 8842012816457, vstest.console.dll, TestPluginCache: Discovered the extensions using extension path ''.
TpTrace Verbose: 0 : 40816, 1, 2023/10/28, 14:28:54.815, 8842012816691, vstest.console.dll, TestPluginCache: Discoverers are ''.
TpTrace Verbose: 0 : 40816, 1, 2023/10/28, 14:28:54.815, 8842012816816, vstest.console.dll, TestPluginCache: Executors are ''.
TpTrace Verbose: 0 : 40816, 1, 2023/10/28, 14:28:54.815, 8842012816939, vstest.console.dll, TestPluginCache: Executors2 are ''.
TpTrace Verbose: 0 : 40816, 1, 2023/10/28, 14:28:54.815, 8842012817069, vstest.console.dll, TestPluginCache: Setting providers are ''.
TpTrace Verbose: 0 : 40816, 1, 2023/10/28, 14:28:54.816, 8842012817418, vstest.console.dll, TestPluginCache: Loggers are 'logger://Microsoft/TestPlatform/Extensions/Blame/v1,logger://Microsoft/TestPlatform/HtmlLogger/v1,logger://Microsoft/TestPlatform/TrxLogger/v1'.
TpTrace Verbose: 0 : 40816, 1, 2023/10/28, 14:28:54.816, 8842012817655, vstest.console.dll, TestPluginCache: TestHosts are 'HostProvider://DefaultTestHost,HostProvider://DotnetTestHost'.
TpTrace Verbose: 0 : 40816, 1, 2023/10/28, 14:28:54.816, 8842012817815, vstest.console.dll, TestPluginCache: DataCollectors are ''.
TpTrace Information: 0 : 40816, 1, 2023/10/28, 14:28:54.816, 8842012822862, vstest.console.dll, TestPluginManager.CreateTestExtension: Attempting to load test extension: Microsoft.TestPlatform.Extensions.BlameDataCollector.BlameLogger
TpTrace Verbose: 0 : 40816, 1, 2023/10/28, 14:28:54.827, 8842012934838, vstest.console.dll, TestEngine: Initializing Parallel Execution as MaxCpuCount is set to: 1
TpTrace Information: 0 : 40816, 1, 2023/10/28, 14:28:54.829, 8842012948244, vstest.console.dll, TestPluginManager.CreateTestExtension: Attempting to load test extension: Microsoft.VisualStudio.TestPlatform.CrossPlatEngine.Hosting.DefaultTestHostManager
TpTrace Information: 0 : 40816, 1, 2023/10/28, 14:28:54.829, 8842012956525, vstest.console.dll, TestPluginManager.CreateTestExtension: Attempting to load test extension: Microsoft.VisualStudio.TestPlatform.CrossPlatEngine.Hosting.DotnetTestHostManager
TpTrace Information: 0 : 40816, 1, 2023/10/28, 14:28:54.830, 8842012960723, vstest.console.dll, InferRunSettingsHelper.IsTestSettingsEnabled: Unable to navigate to RunSettings/MSTest. Current node: RunSettings
TpTrace Verbose: 0 : 40816, 1, 2023/10/28, 14:28:54.833, 8842012995344, vstest.console.dll, TestEngine.GetExecutionManager: Chosen execution manager 'Microsoft.VisualStudio.TestPlatform.CrossPlatEngine.Client.Parallel.ParallelProxyExecutionManager, Microsoft.TestPlatform.CrossPlatEngine, Version=15.0.0.0, Culture=neutral, PublicKeyToken=b03f5f7f11d50a3a' ParallelLevel '1'.
TpTrace Verbose: 0 : 40816, 1, 2023/10/28, 14:28:54.833, 8842012996542, vstest.console.dll, TestRunRequest.ExecuteAsync: Creating test run request.
TpTrace Verbose: 0 : 40816, 1, 2023/10/28, 14:28:54.834, 8842013002231, vstest.console.dll, TestRunRequest.ExecuteAsync: Starting.
TpTrace Information: 0 : 40816, 1, 2023/10/28, 14:28:54.834, 8842013004218, vstest.console.dll, TestRunRequest.ExecuteAsync: Starting run with settings:TestRunCriteria:
   KeepAlive=False,FrequencyOfRunStatsChangeEvent=10,RunStatsChangeEventTimeout=00:00:01.5000000,TestCaseFilter=,TestExecutorLauncher=
   Settingsxml=<RunSettings>
  <RunConfiguration>
    <ResultsDirectory>C:\dev\MAZE\FinancingSimulation\FinancingSimulation.Tests\bin\Debug\net6.0\fine-code-coverage\coverage-tool-output</ResultsDirectory>
    <TargetPlatform>X64</TargetPlatform>
    <TargetFrameworkVersion>.NETCoreApp,Version=v6.0</TargetFrameworkVersion>
    <DesignMode>False</DesignMode>
    <CollectSourceInformation>False</CollectSourceInformation>
  </RunConfiguration>
  <LoggerRunSettings>
    <Loggers>
      <Logger friendlyName="blame" enabled="True" />
      <Logger friendlyName="Console" uri="logger://microsoft/TestPlatform/ConsoleLogger/v1" assemblyQualifiedName="Microsoft.VisualStudio.TestPlatform.CommandLine.Internal.ConsoleLogger, vstest.console, Version=15.0.0.0, Culture=neutral, PublicKeyToken=b03f5f7f11d50a3a" codeBase="C:\Program Files\dotnet\sdk\7.0.400\vstest.console.dll" enabled="True" />
    </Loggers>
  </LoggerRunSettings>
  <DataCollectionRunSettings>
    <DataCollectors>
      <DataCollector friendlyName="blame" enabled="True">
        <Configuration>
          <ResultsDirectory>C:\dev\MAZE\FinancingSimulation\FinancingSimulation.Tests\bin\Debug\net6.0\fine-code-coverage\coverage-tool-output</ResultsDirectory>
        </Configuration>
      </DataCollector>
    </DataCollectors>
  </DataCollectionRunSettings>
</RunSettings>

TpTrace Verbose: 0 : 40816, 1, 2023/10/28, 14:28:54.834, 8842013004623, vstest.console.dll, TestRunRequest.ExecuteAsync: Wait for the first run request is over.
TpTrace Verbose: 0 : 40816, 1, 2023/10/28, 14:28:54.834, 8842013006631, vstest.console.dll, MulticastDelegateUtilities.SafeInvoke: TestRun.TestRunStart: Invoking callbacks was skipped because there are no subscribers.
TpTrace Verbose: 0 : 40816, 4, 2023/10/28, 14:28:54.835, 8842013008880, vstest.console.dll, MulticastDelegateUtilities.SafeInvoke: InternalTestLoggerEvents.SendTestRunStart: Invoking callback 1/1 for Microsoft.VisualStudio.TestPlatform.CommandLine.Internal.ConsoleLogger., took 0 ms.
TpTrace Verbose: 0 : 40816, 1, 2023/10/28, 14:28:54.835, 8842013015376, vstest.console.dll, ParallelProxyExecutionManager: Start execution. Total sources: 1
TpTrace Verbose: 0 : 40816, 1, 2023/10/28, 14:28:54.836, 8842013026675, vstest.console.dll, TestRequestSender is acting as server.
TpTrace Verbose: 0 : 40816, 1, 2023/10/28, 14:28:54.838, 8842013040627, vstest.console.dll, ParallelOperationManager.RunWorkInParallel: Started work on a host.
TpTrace Verbose: 0 : 40816, 1, 2023/10/28, 14:28:54.839, 8842013049652, vstest.console.dll, ProxyParallelExecutionManager: No sources available for execution.
TpTrace Information: 0 : 40816, 1, 2023/10/28, 14:28:54.839, 8842013050435, vstest.console.dll, TestRunRequest.ExecuteAsync: Started.
TpTrace Verbose: 0 : 40816, 1, 2023/10/28, 14:28:54.839, 8842013051340, vstest.console.dll, TestRunRequest.WaitForCompletion: Waiting with timeout -1.
TpTrace Verbose: 0 : 40816, 5, 2023/10/28, 14:28:54.839, 8842013051933, vstest.console.dll, DataCollectionRequestSender.InitializeCommunication : Initialize communication. 
TpTrace Information: 0 : 40816, 5, 2023/10/28, 14:28:54.844, 8842013100191, vstest.console.dll, Listening on Endpoint : 127.0.0.1:59312
TpTrace Verbose: 0 : 40816, 5, 2023/10/28, 14:28:54.851, 8842013172587, vstest.console.dll, DotnetDataCollectionLauncher: Adding  --runtimeconfig "C:\Program Files\dotnet\sdk\7.0.400\datacollector.runtimeconfig.json" in args
TpTrace Verbose: 0 : 40816, 5, 2023/10/28, 14:28:54.851, 8842013173922, vstest.console.dll, DotnetDataCollectionLauncher: Adding  --depsfile "C:\Program Files\dotnet\sdk\7.0.400\datacollector.deps.json" in args
TpTrace Verbose: 0 : 40816, 5, 2023/10/28, 14:28:54.851, 8842013175392, vstest.console.dll, DotnetDataCollectionLauncher: Full path of dotnet.exe is C:\Program Files\dotnet\dotnet.exe
TpTrace Information: 0 : 40816, 5, 2023/10/28, 14:28:54.883, 8842013493096, vstest.console.dll, ProxyDataCollectionManager.Initialize: Launched datacollector processId: 6952 port: 59312
TpTrace Information: 0 : 40816, 5, 2023/10/28, 14:28:54.883, 8842013494278, vstest.console.dll, ProxyDataCollectionManager.Initialize: waiting for connection with timeout: 90 seconds
TpTrace Verbose: 0 : 40816, 5, 2023/10/28, 14:28:54.883, 8842013494666, vstest.console.dll, DataCollectionRequestSender.WaitForRequestHandlerConnection : Waiting for connection with timeout: 90000
TpTrace Information: 0 : 40816, 7, 2023/10/28, 14:28:55.036, 8842015024522, vstest.console.dll, Using the buffer size of 16384 bytes
TpTrace Verbose: 0 : 40816, 5, 2023/10/28, 14:28:55.036, 8842015024848, vstest.console.dll, SocketCommunicationManager.WaitForClientConnection took: 152 ms, with 90000 ms timeout, and finished with True.
TpTrace Information: 0 : 40816, 7, 2023/10/28, 14:28:55.036, 8842015025972, vstest.console.dll, Accepted Client request and set the flag
TpTrace Verbose: 0 : 40816, 5, 2023/10/28, 14:28:55.036, 8842015027106, vstest.console.dll, ProxyDataCollectionManager.InvokeDataCollectionServiceAction: Starting.
TpTrace Information: 0 : 40816, 5, 2023/10/28, 14:28:55.037, 8842015027644, vstest.console.dll, ProxyDataCollectionManager.BeforeTestRunStart: Get environment variable and port for datacollector processId: 6952 port: 59312
TpTrace Verbose: 0 : 40816, 5, 2023/10/28, 14:28:55.037, 8842015028508, vstest.console.dll, DataCollectionRequestSender.SendBeforeTestRunStartAndGetResult: Send BeforeTestRunStart message with settingsXml <RunSettings><RunConfiguration><ResultsDirectory>C:\dev\MAZE\FinancingSimulation\FinancingSimulation.Tests\bin\Debug\net6.0\fine-code-coverage\coverage-tool-output</ResultsDirectory><TargetPlatform>X64</TargetPlatform><TargetFrameworkVersion>.NETCoreApp,Version=v6.0</TargetFrameworkVersion><DesignMode>False</DesignMode><CollectSourceInformation>False</CollectSourceInformation><TestAdaptersPaths>C:\Program Files\dotnet\sdk\7.0.400\Extensions</TestAdaptersPaths></RunConfiguration><LoggerRunSettings><Loggers><Logger friendlyName="blame" enabled="True" /><Logger friendlyName="Console" uri="logger://microsoft/TestPlatform/ConsoleLogger/v1" assemblyQualifiedName="Microsoft.VisualStudio.TestPlatform.CommandLine.Internal.ConsoleLogger, vstest.console, Version=15.0.0.0, Culture=neutral, PublicKeyToken=b03f5f7f11d50a3a" codeBase="C:\Program Files\dotnet\sdk\7.0.400\vstest.console.dll" enabled="True" /></Loggers></LoggerRunSettings><DataCollectionRunSettings><DataCollectors><DataCollector friendlyName="blame" enabled="True"><Configuration><ResultsDirectory>C:\dev\MAZE\FinancingSimulation\FinancingSimulation.Tests\bin\Debug\net6.0\fine-code-coverage\coverage-tool-output</ResultsDirectory></Configuration></DataCollector></DataCollectors></DataCollectionRunSettings></RunSettings> and sources System.Collections.Generic.List`1[System.String]: 
TpTrace Verbose: 0 : 40816, 5, 2023/10/28, 14:28:55.123, 8842015895309, vstest.console.dll, DataCollectionRequestSender.SendBeforeTestRunStartAndGetResult: Received message: (DataCollection.SendMessage) -> {"MessageType":"DataCollection.SendMessage","Payload":{"FriendlyName":null,"Uri":null,"TestCaseId":"00000000-0000-0000-0000-000000000000","Message":"Logging DataCollector Diagnostics in file: C:\\dev\\MAZE\\FinancingSimulation\\FinancingSimulation.Tests\\bin\\Debug\\net6.0\\fine-code-coverage\\coverage-tool-output\\diagnostics.datacollector.23-10-28_14-28-54_85132_5.log","Level":0}}
TpTrace Verbose: 0 : 40816, 5, 2023/10/28, 14:28:55.182, 8842016485891, vstest.console.dll, DataCollectionRequestSender.SendBeforeTestRunStartAndGetResult: Received message: (DataCollection.BeforeTestRunStartResult) -> {"MessageType":"DataCollection.BeforeTestRunStartResult","Payload":{"EnvironmentVariables":{},"DataCollectionEventsPort":59314}}
TpTrace Information: 0 : 40816, 5, 2023/10/28, 14:28:55.187, 8842016530995, vstest.console.dll, ProxyDataCollectionManager.BeforeTestRunStart: SendBeforeTestRunStartAndGetResult successful, env variable from datacollector:   and testhost port: 59314
TpTrace Information: 0 : 40816, 5, 2023/10/28, 14:28:55.187, 8842016531612, vstest.console.dll, ProxyDataCollectionManager.InvokeDataCollectionServiceAction: Completed.
TpTrace Verbose: 0 : 40816, 5, 2023/10/28, 14:28:55.187, 8842016532158, vstest.console.dll, ProxyExecutionManager: Test host is always Lazy initialize.
TpTrace Verbose: 0 : 40816, 5, 2023/10/28, 14:28:55.187, 8842016533719, vstest.console.dll, TestRequestSender.InitializeCommunication: initialize communication. 
TpTrace Information: 0 : 40816, 5, 2023/10/28, 14:28:55.188, 8842016541871, vstest.console.dll, SocketServer.Start: Listening on endpoint : 127.0.0.1:59315
TpTrace Verbose: 0 : 40816, 5, 2023/10/28, 14:28:55.189, 8842016547499, vstest.console.dll, DotnetTestHostmanager.GetTestHostProcessStartInfo: Platform environment 'X64' target architecture 'X64' framework '.NETCoreApp,Version=v6.0' OS 'Windows'
TpTrace Verbose: 0 : 40816, 5, 2023/10/28, 14:28:55.189, 8842016550056, vstest.console.dll, DotnetTestHostmanager: Adding  --runtimeconfig "C:\dev\MAZE\FinancingSimulation\FinancingSimulation.Tests\bin\Debug\net6.0\fine-code-coverage\build-output\FinancingSimulation.Tests.runtimeconfig.json" in args
TpTrace Verbose: 0 : 40816, 5, 2023/10/28, 14:28:55.189, 8842016551223, vstest.console.dll, DotnetTestHostmanager: Adding  --depsfile "C:\dev\MAZE\FinancingSimulation\FinancingSimulation.Tests\bin\Debug\net6.0\fine-code-coverage\build-output\FinancingSimulation.Tests.deps.json" in args
TpTrace Verbose: 0 : 40816, 5, 2023/10/28, 14:28:55.189, 8842016552817, vstest.console.dll, DotnetTestHostmanager.IsWinOnArm: Current PROCESSOR_ARCHITECTURE from environment variable 'AMD64'
TpTrace Verbose: 0 : 40816, 5, 2023/10/28, 14:28:55.189, 8842016553184, vstest.console.dll, DotnetTestHostmanager.IsWinOnArm: Is Windows on ARM 'False'
TpTrace Information: 0 : 40816, 5, 2023/10/28, 14:28:55.189, 8842016554048, vstest.console.dll, AssemblyResolver.OnResolve: Microsoft.Extensions.DependencyModel: Resolving assembly.
TpTrace Information: 0 : 40816, 5, 2023/10/28, 14:28:55.189, 8842016554443, vstest.console.dll, AssemblyResolver.OnResolve: Microsoft.Extensions.DependencyModel: Searching in: 'C:\Program Files\dotnet\sdk\7.0.400\Extensions'.
TpTrace Information: 0 : 40816, 5, 2023/10/28, 14:28:55.189, 8842016554907, vstest.console.dll, AssemblyResolver.OnResolve: Microsoft.Extensions.DependencyModel: Assembly path does not exist: 'C:\Program Files\dotnet\sdk\7.0.400\Extensions\Microsoft.Extensions.DependencyModel.dll', returning.
TpTrace Information: 0 : 40816, 5, 2023/10/28, 14:28:55.189, 8842016555269, vstest.console.dll, AssemblyResolver.OnResolve: Microsoft.Extensions.DependencyModel: Assembly path does not exist: 'C:\Program Files\dotnet\sdk\7.0.400\Extensions\Microsoft.Extensions.DependencyModel.exe', returning.
TpTrace Information: 0 : 40816, 5, 2023/10/28, 14:28:55.189, 8842016555412, vstest.console.dll, AssemblyResolver.OnResolve: Microsoft.Extensions.DependencyModel: Searching in: 'C:\Program Files\dotnet\sdk\7.0.400'.
TpTrace Information: 0 : 40816, 5, 2023/10/28, 14:28:55.191, 8842016574946, vstest.console.dll, AssemblyResolver.OnResolve: Microsoft.Extensions.DependencyModel: Loading assembly 'C:\Program Files\dotnet\sdk\7.0.400\Microsoft.Extensions.DependencyModel.dll'.
TpTrace Information: 0 : 40816, 5, 2023/10/28, 14:28:55.193, 8842016592272, vstest.console.dll, AssemblyResolver.OnResolve: Resolved assembly: Microsoft.Extensions.DependencyModel, from path: C:\Program Files\dotnet\sdk\7.0.400\Microsoft.Extensions.DependencyModel.dll
TpTrace Verbose: 0 : 40816, 5, 2023/10/28, 14:28:55.193, 8842016594899, vstest.console.dll, DotnetTestHostmanager: Runtimeconfig.dev.json C:\dev\MAZE\FinancingSimulation\FinancingSimulation.Tests\bin\Debug\net6.0\fine-code-coverage\build-output\FinancingSimulation.Tests.runtimeconfig.dev.json does not exist.
TpTrace Verbose: 0 : 40816, 5, 2023/10/28, 14:28:55.193, 8842016595702, vstest.console.dll, DotnetTestHostManager: Found testhost.dll in source directory: C:\dev\MAZE\FinancingSimulation\FinancingSimulation.Tests\bin\Debug\net6.0\fine-code-coverage\build-output\testhost.dll.
TpTrace Verbose: 0 : 40816, 5, 2023/10/28, 14:28:55.193, 8842016596093, vstest.console.dll, DotnetTestHostmanager: Current process architetcure 'X64'
TpTrace Verbose: 0 : 40816, 5, 2023/10/28, 14:28:55.194, 8842016597589, vstest.console.dll, DotnetTestHostmanager.LaunchTestHostAsync: Compatible muxer architecture of running process 'X64' and target architecture 'X64'
TpTrace Verbose: 0 : 40816, 5, 2023/10/28, 14:28:55.194, 8842016597847, vstest.console.dll, DotnetTestHostmanager: Full path of testhost.dll is C:\dev\MAZE\FinancingSimulation\FinancingSimulation.Tests\bin\Debug\net6.0\fine-code-coverage\build-output\testhost.dll
TpTrace Verbose: 0 : 40816, 5, 2023/10/28, 14:28:55.194, 8842016597998, vstest.console.dll, DotnetTestHostmanager: Full path of host exe is C:\Program Files\dotnet\dotnet.exe
TpTrace Verbose: 0 : 40816, 5, 2023/10/28, 14:28:55.194, 8842016599124, vstest.console.dll, DotnetTestHostManager: Starting process 'C:\Program Files\dotnet\dotnet.exe' with command line 'exec --runtimeconfig "C:\dev\MAZE\FinancingSimulation\FinancingSimulation.Tests\bin\Debug\net6.0\fine-code-coverage\build-output\FinancingSimulation.Tests.runtimeconfig.json" --depsfile "C:\dev\MAZE\FinancingSimulation\FinancingSimulation.Tests\bin\Debug\net6.0\fine-code-coverage\build-output\FinancingSimulation.Tests.deps.json" "C:\dev\MAZE\FinancingSimulation\FinancingSimulation.Tests\bin\Debug\net6.0\fine-code-coverage\build-output\testhost.dll" --port 59315 --endpoint 127.0.0.1:059315 --role client --parentprocessid 40816 --diag "C:\dev\MAZE\FinancingSimulation\FinancingSimulation.Tests\bin\Debug\net6.0\fine-code-coverage\coverage-tool-output\diagnostics.host.23-10-28_14-28-55_18875_5.log" --tracelevel 4 --datacollectionport 59314 --telemetryoptedin false'
TpTrace Verbose: 0 : 40816, 5, 2023/10/28, 14:28:55.207, 8842016728544, vstest.console.dll, MulticastDelegateUtilities.SafeInvoke: HostProviderEvents.OnHostLaunched: Invoking callback 1/2 for Microsoft.VisualStudio.TestPlatform.CrossPlatEngine.Client.ProxyExecutionManagerWithDataCollection., took 1 ms.
TpTrace Verbose: 0 : 40816, 5, 2023/10/28, 14:28:55.207, 8842016731957, vstest.console.dll, Test Runtime launched
TpTrace Verbose: 0 : 40816, 5, 2023/10/28, 14:28:55.207, 8842016732755, vstest.console.dll, MulticastDelegateUtilities.SafeInvoke: HostProviderEvents.OnHostLaunched: Invoking callback 2/2 for Microsoft.VisualStudio.TestPlatform.CrossPlatEngine.Client.ProxyOperationManager., took 0 ms.
TpTrace Verbose: 0 : 40816, 5, 2023/10/28, 14:28:55.207, 8842016734059, vstest.console.dll, TestRequestSender.WaitForRequestHandlerConnection: waiting for connection with timeout: 90000.
TpTrace Verbose: 0 : 40816, 11, 2023/10/28, 14:28:55.391, 8842018569137, vstest.console.dll, MulticastDelegateUtilities.SafeInvoke: SocketServer: ClientConnected: Invoking callback 1/1 for Microsoft.VisualStudio.TestPlatform.CommunicationUtilities.TestRequestSender., took 0 ms.
TpTrace Verbose: 0 : 40816, 5, 2023/10/28, 14:28:55.391, 8842018569375, vstest.console.dll, TestRequestSender.WaitForRequestHandlerConnection: waiting took 183 ms, with timeout 90000 ms, and result 0, which is success.
TpTrace Verbose: 0 : 40816, 11, 2023/10/28, 14:28:55.391, 8842018570209, vstest.console.dll, SocketServer.OnClientConnected: Client connected for endPoint: 127.0.0.1:59315, starting MessageLoopAsync:
TpTrace Verbose: 0 : 40816, 13, 2023/10/28, 14:28:55.391, 8842018573738, vstest.console.dll, TcpClientExtensions.MessageLoopAsync: Polling on remoteEndPoint: 127.0.0.1:59316 localEndPoint: 127.0.0.1:59315
TpTrace Verbose: 0 : 40816, 5, 2023/10/28, 14:28:55.392, 8842018579857, vstest.console.dll, TestRequestSender.CheckVersionWithTestHost: Sending check version message: {"MessageType":"ProtocolVersion","Payload":7}
TpTrace Verbose: 0 : 40816, 13, 2023/10/28, 14:28:55.480, 8842019464648, vstest.console.dll, TcpClientExtensions.MessageLoopAsync: NotifyDataAvailable remoteEndPoint: 127.0.0.1:59316 localEndPoint: 127.0.0.1:59315
TpTrace Verbose: 0 : 40816, 13, 2023/10/28, 14:28:55.481, 8842019467441, vstest.console.dll, TestRequestSender.CheckVersionWithTestHost: onMessageReceived received message: (ProtocolVersion) -> {"MessageType":"ProtocolVersion","Payload":2}
TpTrace Verbose: 0 : 40816, 13, 2023/10/28, 14:28:55.481, 8842019472318, vstest.console.dll, MulticastDelegateUtilities.SafeInvoke: LengthPrefixCommunicationChannel: MessageReceived: Invoking callback 1/1 for Microsoft.VisualStudio.TestPlatform.CommunicationUtilities.TestRequestSender+<>c__DisplayClass29_0., took 0 ms.
TpTrace Verbose: 0 : 40816, 13, 2023/10/28, 14:28:55.481, 8842019473064, vstest.console.dll, TcpClientExtensions.MessageLoopAsync: Polling on remoteEndPoint: 127.0.0.1:59316 localEndPoint: 127.0.0.1:59315
TpTrace Verbose: 0 : 40816, 5, 2023/10/28, 14:28:55.481, 8842019474635, vstest.console.dll, TestPluginCache.GetExtensionPaths: Filtered extension paths: 
TpTrace Verbose: 0 : 40816, 5, 2023/10/28, 14:28:55.481, 8842019475663, vstest.console.dll, TestPluginCache.GetExtensionPaths: Added default extension paths: C:\Program Files\dotnet\sdk\7.0.400\Extensions\Microsoft.Diagnostics.NETCore.Client.dll
C:\Program Files\dotnet\sdk\7.0.400\Extensions\Microsoft.TestPlatform.Extensions.BlameDataCollector.dll
C:\Program Files\dotnet\sdk\7.0.400\Extensions\Microsoft.TestPlatform.Extensions.EventLogCollector.dll
C:\Program Files\dotnet\sdk\7.0.400\Extensions\Microsoft.TestPlatform.TestHostRuntimeProvider.dll
C:\Program Files\dotnet\sdk\7.0.400\Extensions\Microsoft.VisualStudio.TestPlatform.Extensions.Html.TestLogger.dll
C:\Program Files\dotnet\sdk\7.0.400\Extensions\Microsoft.VisualStudio.TestPlatform.Extensions.Trx.TestLogger.dll
TpTrace Verbose: 0 : 40816, 5, 2023/10/28, 14:28:55.481, 8842019476982, vstest.console.dll, TestPluginCache.GetExtensionPaths: Added unfilterableExtensionPaths: 
TpTrace Verbose: 0 : 40816, 5, 2023/10/28, 14:28:55.484, 8842019499441, vstest.console.dll, TestRequestSender.InitializeExecution: Sending initialize execution with message: {"Version":2,"MessageType":"TestExecution.Initialize","Payload":["C:\\dev\\MAZE\\FinancingSimulation\\FinancingSimulation.Tests\\bin\\Debug\\net6.0\\fine-code-coverage\\build-output\\xunit.runner.visualstudio.dotnetcore.testadapter.dll"]}
TpTrace Verbose: 0 : 40816, 5, 2023/10/28, 14:28:55.484, 8842019501697, vstest.console.dll, ParallelProxyExecutionManager: Execution started. Started clients: 1
TpTrace Verbose: 0 : 40816, 5, 2023/10/28, 14:28:55.484, 8842019503624, vstest.console.dll, TestRunRequest:SendTestRunMessage: Starting.
TpTrace Verbose: 0 : 40816, 5, 2023/10/28, 14:28:55.484, 8842019504795, vstest.console.dll, MulticastDelegateUtilities.SafeInvoke: TestRun.LogMessages: Invoking callback 1/1 for Microsoft.VisualStudio.TestPlatform.CommandLine.TestRunResultAggregator., took 0 ms.
TpTrace Information: 0 : 40816, 5, 2023/10/28, 14:28:55.484, 8842019505053, vstest.console.dll, TestRunRequest:SendTestRunMessage: Completed.
TpTrace Verbose: 0 : 40816, 4, 2023/10/28, 14:28:55.484, 8842019507010, vstest.console.dll, MulticastDelegateUtilities.SafeInvoke: InternalTestLoggerEvents.SendTestRunMessage: Invoking callback 1/1 for Microsoft.VisualStudio.TestPlatform.CommandLine.Internal.ConsoleLogger., took 0 ms.
TpTrace Warning: 0 : 40816, 5, 2023/10/28, 14:28:55.485, 8842019507782, vstest.console.dll, InferRunSettingsHelper.MakeRunsettingsCompatible: Removing the following settings: TargetPlatform from RunSettings file. To use those settings please move to latest version of Microsoft.NET.Test.Sdk
TpTrace Verbose: 0 : 40816, 5, 2023/10/28, 14:28:55.489, 8842019554261, vstest.console.dll, TestRequestSender.StartTestRun: Sending test run with message: {"Version":2,"MessageType":"TestExecution.StartWithSources","Payload":{"AdapterSourceMap":{"_none_":["C:\\dev\\MAZE\\FinancingSimulation\\FinancingSimulation.Tests\\bin\\Debug\\net6.0\\fine-code-coverage\\build-output\\FinancingSimulation.Tests.dll"]},"RunSettings":"<RunSettings>\r\n  <RunConfiguration>\r\n    <ResultsDirectory>C:\\dev\\MAZE\\FinancingSimulation\\FinancingSimulation.Tests\\bin\\Debug\\net6.0\\fine-code-coverage\\coverage-tool-output</ResultsDirectory>\r\n    <TargetFrameworkVersion>.NETCoreApp,Version=v6.0</TargetFrameworkVersion>\r\n    <DesignMode>False</DesignMode>\r\n    <CollectSourceInformation>False</CollectSourceInformation>\r\n  </RunConfiguration>\r\n  <LoggerRunSettings>\r\n    <Loggers>\r\n      <Logger friendlyName=\"blame\" enabled=\"True\" />\r\n      <Logger friendlyName=\"Console\" uri=\"logger://microsoft/TestPlatform/ConsoleLogger/v1\" assemblyQualifiedName=\"Microsoft.VisualStudio.TestPlatform.CommandLine.Internal.ConsoleLogger, vstest.console, Version=15.0.0.0, Culture=neutral, PublicKeyToken=b03f5f7f11d50a3a\" codeBase=\"C:\\Program Files\\dotnet\\sdk\\7.0.400\\vstest.console.dll\" enabled=\"True\" />\r\n    </Loggers>\r\n  </LoggerRunSettings>\r\n  <DataCollectionRunSettings>\r\n    <DataCollectors>\r\n      <DataCollector friendlyName=\"blame\" enabled=\"True\">\r\n        <Configuration>\r\n          <ResultsDirectory>C:\\dev\\MAZE\\FinancingSimulation\\FinancingSimulation.Tests\\bin\\Debug\\net6.0\\fine-code-coverage\\coverage-tool-output</ResultsDirectory>\r\n        </Configuration>\r\n      </DataCollector>\r\n    </DataCollectors>\r\n  </DataCollectionRunSettings>\r\n</RunSettings>","TestExecutionContext":{"FrequencyOfRunStatsChangeEvent":10,"RunStatsChangeEventTimeout":"00:00:01.5000000","InIsolation":false,"KeepAlive":false,"AreTestCaseLevelEventsRequired":false,"IsDebug":false,"TestCaseFilter":null,"FilterOptions":null},"Package":null}}
TpTrace Verbose: 0 : 40816, 13, 2023/10/28, 14:28:55.501, 8842019673726, vstest.console.dll, TcpClientExtensions.MessageLoopAsync: NotifyDataAvailable remoteEndPoint: 127.0.0.1:59316 localEndPoint: 127.0.0.1:59315
TpTrace Verbose: 0 : 40816, 13, 2023/10/28, 14:28:55.502, 8842019677520, vstest.console.dll, TestRequestSender.OnExecutionMessageReceived: Received message: {"Version":2,"MessageType":"TestSession.Message","Payload":{"MessageLevel":0,"Message":"Registro em log do diagnóstico TestHost no arquivo: C:\\dev\\MAZE\\FinancingSimulation\\FinancingSimulation.Tests\\bin\\Debug\\net6.0\\fine-code-coverage\\coverage-tool-output\\diagnostics.host.23-10-28_14-28-55_18875_5.log"}}
TpTrace Verbose: 0 : 40816, 13, 2023/10/28, 14:28:55.503, 8842019692911, vstest.console.dll, TestRunRequest:SendTestRunMessage: Starting.
TpTrace Verbose: 0 : 40816, 13, 2023/10/28, 14:28:55.503, 8842019693743, vstest.console.dll, MulticastDelegateUtilities.SafeInvoke: TestRun.LogMessages: Invoking callback 1/1 for Microsoft.VisualStudio.TestPlatform.CommandLine.TestRunResultAggregator., took 0 ms.
TpTrace Information: 0 : 40816, 13, 2023/10/28, 14:28:55.503, 8842019693982, vstest.console.dll, TestRunRequest:SendTestRunMessage: Completed.
TpTrace Verbose: 0 : 40816, 13, 2023/10/28, 14:28:55.503, 8842019694279, vstest.console.dll, MulticastDelegateUtilities.SafeInvoke: LengthPrefixCommunicationChannel: MessageReceived: Invoking callback 1/1 for Microsoft.VisualStudio.TestPlatform.CommunicationUtilities.TestRequestSender+<>c__DisplayClass34_0., took 1 ms.
TpTrace Verbose: 0 : 40816, 13, 2023/10/28, 14:28:55.503, 8842019694458, vstest.console.dll, TcpClientExtensions.MessageLoopAsync: Polling on remoteEndPoint: 127.0.0.1:59316 localEndPoint: 127.0.0.1:59315
TpTrace Verbose: 0 : 40816, 4, 2023/10/28, 14:28:55.503, 8842019694891, vstest.console.dll, MulticastDelegateUtilities.SafeInvoke: InternalTestLoggerEvents.SendTestRunMessage: Invoking callback 1/1 for Microsoft.VisualStudio.TestPlatform.CommandLine.Internal.ConsoleLogger., took 0 ms.
TpTrace Verbose: 0 : 40816, 13, 2023/10/28, 14:28:55.591, 8842020575463, vstest.console.dll, TcpClientExtensions.MessageLoopAsync: NotifyDataAvailable remoteEndPoint: 127.0.0.1:59316 localEndPoint: 127.0.0.1:59315
TpTrace Verbose: 0 : 40816, 13, 2023/10/28, 14:28:55.591, 8842020577055, vstest.console.dll, TestRequestSender.OnExecutionMessageReceived: Received message: {"Version":2,"MessageType":"TestSession.Message","Payload":{"MessageLevel":0,"Message":"[xUnit.net 00:00:00.00] xUnit.net VSTest Adapter v2.4.5+1caef2f33e (64-bit .NET 6.0.23)"}}
TpTrace Verbose: 0 : 40816, 13, 2023/10/28, 14:28:55.592, 8842020579086, vstest.console.dll, TestRunRequest:SendTestRunMessage: Starting.
TpTrace Verbose: 0 : 40816, 13, 2023/10/28, 14:28:55.592, 8842020579763, vstest.console.dll, MulticastDelegateUtilities.SafeInvoke: TestRun.LogMessages: Invoking callback 1/1 for Microsoft.VisualStudio.TestPlatform.CommandLine.TestRunResultAggregator., took 0 ms.
TpTrace Information: 0 : 40816, 13, 2023/10/28, 14:28:55.592, 8842020579931, vstest.console.dll, TestRunRequest:SendTestRunMessage: Completed.
TpTrace Verbose: 0 : 40816, 13, 2023/10/28, 14:28:55.592, 8842020580086, vstest.console.dll, MulticastDelegateUtilities.SafeInvoke: LengthPrefixCommunicationChannel: MessageReceived: Invoking callback 1/1 for Microsoft.VisualStudio.TestPlatform.CommunicationUtilities.TestRequestSender+<>c__DisplayClass34_0., took 0 ms.
TpTrace Verbose: 0 : 40816, 13, 2023/10/28, 14:28:55.592, 8842020580250, vstest.console.dll, TcpClientExtensions.MessageLoopAsync: Polling on remoteEndPoint: 127.0.0.1:59316 localEndPoint: 127.0.0.1:59315
TpTrace Verbose: 0 : 40816, 4, 2023/10/28, 14:28:55.592, 8842020580203, vstest.console.dll, MulticastDelegateUtilities.SafeInvoke: InternalTestLoggerEvents.SendTestRunMessage: Invoking callback 1/1 for Microsoft.VisualStudio.TestPlatform.CommandLine.Internal.ConsoleLogger., took 0 ms.
TpTrace Verbose: 0 : 40816, 13, 2023/10/28, 14:28:56.211, 8842026768061, vstest.console.dll, TcpClientExtensions.MessageLoopAsync: NotifyDataAvailable remoteEndPoint: 127.0.0.1:59316 localEndPoint: 127.0.0.1:59315
TpTrace Verbose: 0 : 40816, 13, 2023/10/28, 14:28:56.211, 8842026774365, vstest.console.dll, TestRequestSender.OnExecutionMessageReceived: Received message: {"Version":2,"MessageType":"TestSession.Message","Payload":{"MessageLevel":0,"Message":"[xUnit.net 00:00:00.62]   Discovering: FinancingSimulation.Tests"}}
TpTrace Verbose: 0 : 40816, 13, 2023/10/28, 14:28:56.211, 8842026775709, vstest.console.dll, TestRunRequest:SendTestRunMessage: Starting.
TpTrace Verbose: 0 : 40816, 13, 2023/10/28, 14:28:56.211, 8842026776419, vstest.console.dll, MulticastDelegateUtilities.SafeInvoke: TestRun.LogMessages: Invoking callback 1/1 for Microsoft.VisualStudio.TestPlatform.CommandLine.TestRunResultAggregator., took 0 ms.
TpTrace Information: 0 : 40816, 13, 2023/10/28, 14:28:56.211, 8842026776612, vstest.console.dll, TestRunRequest:SendTestRunMessage: Completed.
TpTrace Verbose: 0 : 40816, 13, 2023/10/28, 14:28:56.211, 8842026776886, vstest.console.dll, MulticastDelegateUtilities.SafeInvoke: LengthPrefixCommunicationChannel: MessageReceived: Invoking callback 1/1 for Microsoft.VisualStudio.TestPlatform.CommunicationUtilities.TestRequestSender+<>c__DisplayClass34_0., took 0 ms.
TpTrace Verbose: 0 : 40816, 4, 2023/10/28, 14:28:56.211, 8842026776849, vstest.console.dll, MulticastDelegateUtilities.SafeInvoke: InternalTestLoggerEvents.SendTestRunMessage: Invoking callback 1/1 for Microsoft.VisualStudio.TestPlatform.CommandLine.Internal.ConsoleLogger., took 0 ms.
TpTrace Verbose: 0 : 40816, 13, 2023/10/28, 14:28:56.211, 8842026777097, vstest.console.dll, TcpClientExtensions.MessageLoopAsync: Polling on remoteEndPoint: 127.0.0.1:59316 localEndPoint: 127.0.0.1:59315
TpTrace Verbose: 0 : 40816, 13, 2023/10/28, 14:28:56.235, 8842027009354, vstest.console.dll, TcpClientExtensions.MessageLoopAsync: NotifyDataAvailable remoteEndPoint: 127.0.0.1:59316 localEndPoint: 127.0.0.1:59315
TpTrace Verbose: 0 : 40816, 13, 2023/10/28, 14:28:56.235, 8842027010956, vstest.console.dll, TestRequestSender.OnExecutionMessageReceived: Received message: {"Version":2,"MessageType":"TestSession.Message","Payload":{"MessageLevel":0,"Message":"[xUnit.net 00:00:00.64]   Discovered:  FinancingSimulation.Tests"}}
TpTrace Verbose: 0 : 40816, 13, 2023/10/28, 14:28:56.235, 8842027011927, vstest.console.dll, TestRunRequest:SendTestRunMessage: Starting.
TpTrace Verbose: 0 : 40816, 13, 2023/10/28, 14:28:56.235, 8842027012383, vstest.console.dll, MulticastDelegateUtilities.SafeInvoke: TestRun.LogMessages: Invoking callback 1/1 for Microsoft.VisualStudio.TestPlatform.CommandLine.TestRunResultAggregator., took 0 ms.
TpTrace Information: 0 : 40816, 13, 2023/10/28, 14:28:56.235, 8842027012694, vstest.console.dll, TestRunRequest:SendTestRunMessage: Completed.
TpTrace Verbose: 0 : 40816, 13, 2023/10/28, 14:28:56.235, 8842027012866, vstest.console.dll, MulticastDelegateUtilities.SafeInvoke: LengthPrefixCommunicationChannel: MessageReceived: Invoking callback 1/1 for Microsoft.VisualStudio.TestPlatform.CommunicationUtilities.TestRequestSender+<>c__DisplayClass34_0., took 0 ms.
TpTrace Verbose: 0 : 40816, 13, 2023/10/28, 14:28:56.235, 8842027013055, vstest.console.dll, TcpClientExtensions.MessageLoopAsync: Polling on remoteEndPoint: 127.0.0.1:59316 localEndPoint: 127.0.0.1:59315
TpTrace Verbose: 0 : 40816, 4, 2023/10/28, 14:28:56.235, 8842027013605, vstest.console.dll, MulticastDelegateUtilities.SafeInvoke: InternalTestLoggerEvents.SendTestRunMessage: Invoking callback 1/1 for Microsoft.VisualStudio.TestPlatform.CommandLine.Internal.ConsoleLogger., took 0 ms.
TpTrace Verbose: 0 : 40816, 13, 2023/10/28, 14:28:56.236, 8842027022762, vstest.console.dll, TcpClientExtensions.MessageLoopAsync: NotifyDataAvailable remoteEndPoint: 127.0.0.1:59316 localEndPoint: 127.0.0.1:59315
TpTrace Verbose: 0 : 40816, 13, 2023/10/28, 14:28:56.236, 8842027023539, vstest.console.dll, TestRequestSender.OnExecutionMessageReceived: Received message: {"Version":2,"MessageType":"TestSession.Message","Payload":{"MessageLevel":0,"Message":"[xUnit.net 00:00:00.65]   Starting:    FinancingSimulation.Tests"}}
TpTrace Verbose: 0 : 40816, 13, 2023/10/28, 14:28:56.236, 8842027024069, vstest.console.dll, TestRunRequest:SendTestRunMessage: Starting.
TpTrace Verbose: 0 : 40816, 13, 2023/10/28, 14:28:56.236, 8842027024436, vstest.console.dll, MulticastDelegateUtilities.SafeInvoke: TestRun.LogMessages: Invoking callback 1/1 for Microsoft.VisualStudio.TestPlatform.CommandLine.TestRunResultAggregator., took 0 ms.
TpTrace Information: 0 : 40816, 13, 2023/10/28, 14:28:56.236, 8842027024632, vstest.console.dll, TestRunRequest:SendTestRunMessage: Completed.
TpTrace Verbose: 0 : 40816, 13, 2023/10/28, 14:28:56.236, 8842027024836, vstest.console.dll, MulticastDelegateUtilities.SafeInvoke: LengthPrefixCommunicationChannel: MessageReceived: Invoking callback 1/1 for Microsoft.VisualStudio.TestPlatform.CommunicationUtilities.TestRequestSender+<>c__DisplayClass34_0., took 0 ms.
TpTrace Verbose: 0 : 40816, 13, 2023/10/28, 14:28:56.236, 8842027025006, vstest.console.dll, TcpClientExtensions.MessageLoopAsync: Polling on remoteEndPoint: 127.0.0.1:59316 localEndPoint: 127.0.0.1:59315
TpTrace Verbose: 0 : 40816, 4, 2023/10/28, 14:28:56.236, 8842027025185, vstest.console.dll, MulticastDelegateUtilities.SafeInvoke: InternalTestLoggerEvents.SendTestRunMessage: Invoking callback 1/1 for Microsoft.VisualStudio.TestPlatform.CommandLine.Internal.ConsoleLogger., took 0 ms.
TpTrace Verbose: 0 : 40816, 13, 2023/10/28, 14:28:56.462, 8842029285188, vstest.console.dll, TcpClientExtensions.MessageLoopAsync: NotifyDataAvailable remoteEndPoint: 127.0.0.1:59316 localEndPoint: 127.0.0.1:59315
TpTrace Verbose: 0 : 40816, 13, 2023/10/28, 14:28:56.462, 8842029286758, vstest.console.dll, TestRequestSender.OnExecutionMessageReceived: Received message: {"Version":2,"MessageType":"TestSession.Message","Payload":{"MessageLevel":2,"Message":"[xUnit.net 00:00:00.87]     FinancingSimulation.Tests.Tests.Repositories.CustomerRepositoryTests.TestGetByIdAsync_ShoudReturnNotNullObject_GivenValidInput [FAIL]"}}
TpTrace Verbose: 0 : 40816, 13, 2023/10/28, 14:28:56.463, 8842029287663, vstest.console.dll, TestRunRequest:SendTestRunMessage: Starting.
TpTrace Verbose: 0 : 40816, 13, 2023/10/28, 14:28:56.463, 8842029288079, vstest.console.dll, MulticastDelegateUtilities.SafeInvoke: TestRun.LogMessages: Invoking callback 1/1 for Microsoft.VisualStudio.TestPlatform.CommandLine.TestRunResultAggregator., took 0 ms.
TpTrace Information: 0 : 40816, 13, 2023/10/28, 14:28:56.463, 8842029288256, vstest.console.dll, TestRunRequest:SendTestRunMessage: Completed.
TpTrace Verbose: 0 : 40816, 13, 2023/10/28, 14:28:56.463, 8842029288433, vstest.console.dll, MulticastDelegateUtilities.SafeInvoke: LengthPrefixCommunicationChannel: MessageReceived: Invoking callback 1/1 for Microsoft.VisualStudio.TestPlatform.CommunicationUtilities.TestRequestSender+<>c__DisplayClass34_0., took 0 ms.
TpTrace Verbose: 0 : 40816, 13, 2023/10/28, 14:28:56.463, 8842029288851, vstest.console.dll, TcpClientExtensions.MessageLoopAsync: Polling on remoteEndPoint: 127.0.0.1:59316 localEndPoint: 127.0.0.1:59315
TpTrace Verbose: 0 : 40816, 4, 2023/10/28, 14:28:56.463, 8842029289642, vstest.console.dll, MulticastDelegateUtilities.SafeInvoke: InternalTestLoggerEvents.SendTestRunMessage: Invoking callback 1/1 for Microsoft.VisualStudio.TestPlatform.CommandLine.Internal.ConsoleLogger., took 0 ms.
TpTrace Verbose: 0 : 40816, 13, 2023/10/28, 14:28:56.463, 8842029290457, vstest.console.dll, TcpClientExtensions.MessageLoopAsync: NotifyDataAvailable remoteEndPoint: 127.0.0.1:59316 localEndPoint: 127.0.0.1:59315
TpTrace Verbose: 0 : 40816, 13, 2023/10/28, 14:28:56.463, 8842029290949, vstest.console.dll, TestRequestSender.OnExecutionMessageReceived: Received message: {"Version":2,"MessageType":"TestSession.Message","Payload":{"MessageLevel":0,"Message":"[xUnit.net 00:00:00.87]       System.NullReferenceException : Object reference not set to an instance of an object."}}
TpTrace Verbose: 0 : 40816, 13, 2023/10/28, 14:28:56.463, 8842029291442, vstest.console.dll, TestRunRequest:SendTestRunMessage: Starting.
TpTrace Verbose: 0 : 40816, 13, 2023/10/28, 14:28:56.463, 8842029291954, vstest.console.dll, MulticastDelegateUtilities.SafeInvoke: TestRun.LogMessages: Invoking callback 1/1 for Microsoft.VisualStudio.TestPlatform.CommandLine.TestRunResultAggregator., took 0 ms.
TpTrace Information: 0 : 40816, 13, 2023/10/28, 14:28:56.463, 8842029292184, vstest.console.dll, TestRunRequest:SendTestRunMessage: Completed.
TpTrace Verbose: 0 : 40816, 13, 2023/10/28, 14:28:56.463, 8842029292384, vstest.console.dll, MulticastDelegateUtilities.SafeInvoke: LengthPrefixCommunicationChannel: MessageReceived: Invoking callback 1/1 for Microsoft.VisualStudio.TestPlatform.CommunicationUtilities.TestRequestSender+<>c__DisplayClass34_0., took 0 ms.
TpTrace Verbose: 0 : 40816, 13, 2023/10/28, 14:28:56.463, 8842029292593, vstest.console.dll, TcpClientExtensions.MessageLoopAsync: Polling on remoteEndPoint: 127.0.0.1:59316 localEndPoint: 127.0.0.1:59315
TpTrace Verbose: 0 : 40816, 4, 2023/10/28, 14:28:56.463, 8842029292717, vstest.console.dll, MulticastDelegateUtilities.SafeInvoke: InternalTestLoggerEvents.SendTestRunMessage: Invoking callback 1/1 for Microsoft.VisualStudio.TestPlatform.CommandLine.Internal.ConsoleLogger., took 0 ms.
TpTrace Verbose: 0 : 40816, 13, 2023/10/28, 14:28:56.463, 8842029296454, vstest.console.dll, TcpClientExtensions.MessageLoopAsync: NotifyDataAvailable remoteEndPoint: 127.0.0.1:59316 localEndPoint: 127.0.0.1:59315
TpTrace Verbose: 0 : 40816, 13, 2023/10/28, 14:28:56.464, 8842029297211, vstest.console.dll, TestRequestSender.OnExecutionMessageReceived: Received message: {"Version":2,"MessageType":"TestSession.Message","Payload":{"MessageLevel":0,"Message":"[xUnit.net 00:00:00.87]       Stack Trace:"}}
TpTrace Verbose: 0 : 40816, 13, 2023/10/28, 14:28:56.464, 8842029297762, vstest.console.dll, TestRunRequest:SendTestRunMessage: Starting.
TpTrace Verbose: 0 : 40816, 13, 2023/10/28, 14:28:56.464, 8842029298121, vstest.console.dll, MulticastDelegateUtilities.SafeInvoke: TestRun.LogMessages: Invoking callback 1/1 for Microsoft.VisualStudio.TestPlatform.CommandLine.TestRunResultAggregator., took 0 ms.
TpTrace Information: 0 : 40816, 13, 2023/10/28, 14:28:56.464, 8842029298382, vstest.console.dll, TestRunRequest:SendTestRunMessage: Completed.
TpTrace Verbose: 0 : 40816, 13, 2023/10/28, 14:28:56.464, 8842029298525, vstest.console.dll, MulticastDelegateUtilities.SafeInvoke: LengthPrefixCommunicationChannel: MessageReceived: Invoking callback 1/1 for Microsoft.VisualStudio.TestPlatform.CommunicationUtilities.TestRequestSender+<>c__DisplayClass34_0., took 0 ms.
TpTrace Verbose: 0 : 40816, 13, 2023/10/28, 14:28:56.464, 8842029298676, vstest.console.dll, TcpClientExtensions.MessageLoopAsync: Polling on remoteEndPoint: 127.0.0.1:59316 localEndPoint: 127.0.0.1:59315
TpTrace Verbose: 0 : 40816, 4, 2023/10/28, 14:28:56.464, 8842029299009, vstest.console.dll, MulticastDelegateUtilities.SafeInvoke: InternalTestLoggerEvents.SendTestRunMessage: Invoking callback 1/1 for Microsoft.VisualStudio.TestPlatform.CommandLine.Internal.ConsoleLogger., took 0 ms.
TpTrace Verbose: 0 : 40816, 13, 2023/10/28, 14:28:56.465, 8842029309551, vstest.console.dll, TcpClientExtensions.MessageLoopAsync: NotifyDataAvailable remoteEndPoint: 127.0.0.1:59316 localEndPoint: 127.0.0.1:59315
TpTrace Verbose: 0 : 40816, 13, 2023/10/28, 14:28:56.465, 8842029310266, vstest.console.dll, TestRequestSender.OnExecutionMessageReceived: Received message: {"Version":2,"MessageType":"TestSession.Message","Payload":{"MessageLevel":0,"Message":"[xUnit.net 00:00:00.87]         C:\\dev\\MAZE\\FinancingSimulation\\FinancingSimulation.Infraestructure\\Repositories\\Base\\BaseRepository.cs(15,0): at FinancingSimulation.Infraestructure.Repositories.Base.BaseRepository`1..ctor(IContext context)"}}
TpTrace Verbose: 0 : 40816, 13, 2023/10/28, 14:28:56.465, 8842029310777, vstest.console.dll, TestRunRequest:SendTestRunMessage: Starting.
TpTrace Verbose: 0 : 40816, 13, 2023/10/28, 14:28:56.465, 8842029311106, vstest.console.dll, MulticastDelegateUtilities.SafeInvoke: TestRun.LogMessages: Invoking callback 1/1 for Microsoft.VisualStudio.TestPlatform.CommandLine.TestRunResultAggregator., took 0 ms.
TpTrace Information: 0 : 40816, 13, 2023/10/28, 14:28:56.465, 8842029311419, vstest.console.dll, TestRunRequest:SendTestRunMessage: Completed.
TpTrace Verbose: 0 : 40816, 13, 2023/10/28, 14:28:56.465, 8842029311594, vstest.console.dll, MulticastDelegateUtilities.SafeInvoke: LengthPrefixCommunicationChannel: MessageReceived: Invoking callback 1/1 for Microsoft.VisualStudio.TestPlatform.CommunicationUtilities.TestRequestSender+<>c__DisplayClass34_0., took 0 ms.
TpTrace Verbose: 0 : 40816, 13, 2023/10/28, 14:28:56.465, 8842029311745, vstest.console.dll, TcpClientExtensions.MessageLoopAsync: Polling on remoteEndPoint: 127.0.0.1:59316 localEndPoint: 127.0.0.1:59315
TpTrace Verbose: 0 : 40816, 13, 2023/10/28, 14:28:56.465, 8842029311926, vstest.console.dll, TcpClientExtensions.MessageLoopAsync: NotifyDataAvailable remoteEndPoint: 127.0.0.1:59316 localEndPoint: 127.0.0.1:59315
TpTrace Verbose: 0 : 40816, 4, 2023/10/28, 14:28:56.465, 8842029312132, vstest.console.dll, MulticastDelegateUtilities.SafeInvoke: InternalTestLoggerEvents.SendTestRunMessage: Invoking callback 1/1 for Microsoft.VisualStudio.TestPlatform.CommandLine.Internal.ConsoleLogger., took 0 ms.
TpTrace Verbose: 0 : 40816, 13, 2023/10/28, 14:28:56.465, 8842029312242, vstest.console.dll, TestRequestSender.OnExecutionMessageReceived: Received message: {"Version":2,"MessageType":"TestSession.Message","Payload":{"MessageLevel":0,"Message":"[xUnit.net 00:00:00.87]         C:\\dev\\MAZE\\FinancingSimulation\\FinancingSimulation.Infraestructure\\Repositories\\CustomerRepository.cs(12,0): at FinancingSimulation.Infraestructure.Repositories.CustomerRepository..ctor(IContext context)"}}
TpTrace Verbose: 0 : 40816, 13, 2023/10/28, 14:28:56.465, 8842029313306, vstest.console.dll, TestRunRequest:SendTestRunMessage: Starting.
TpTrace Verbose: 0 : 40816, 13, 2023/10/28, 14:28:56.465, 8842029313671, vstest.console.dll, MulticastDelegateUtilities.SafeInvoke: TestRun.LogMessages: Invoking callback 1/1 for Microsoft.VisualStudio.TestPlatform.CommandLine.TestRunResultAggregator., took 0 ms.
TpTrace Information: 0 : 40816, 13, 2023/10/28, 14:28:56.465, 8842029313948, vstest.console.dll, TestRunRequest:SendTestRunMessage: Completed.
TpTrace Verbose: 0 : 40816, 13, 2023/10/28, 14:28:56.465, 8842029314088, vstest.console.dll, MulticastDelegateUtilities.SafeInvoke: LengthPrefixCommunicationChannel: MessageReceived: Invoking callback 1/1 for Microsoft.VisualStudio.TestPlatform.CommunicationUtilities.TestRequestSender+<>c__DisplayClass34_0., took 0 ms.
TpTrace Verbose: 0 : 40816, 13, 2023/10/28, 14:28:56.465, 8842029314237, vstest.console.dll, TcpClientExtensions.MessageLoopAsync: Polling on remoteEndPoint: 127.0.0.1:59316 localEndPoint: 127.0.0.1:59315
TpTrace Verbose: 0 : 40816, 4, 2023/10/28, 14:28:56.465, 8842029314184, vstest.console.dll, MulticastDelegateUtilities.SafeInvoke: InternalTestLoggerEvents.SendTestRunMessage: Invoking callback 1/1 for Microsoft.VisualStudio.TestPlatform.CommandLine.Internal.ConsoleLogger., took 0 ms.
TpTrace Verbose: 0 : 40816, 13, 2023/10/28, 14:28:56.465, 8842029314421, vstest.console.dll, TcpClientExtensions.MessageLoopAsync: NotifyDataAvailable remoteEndPoint: 127.0.0.1:59316 localEndPoint: 127.0.0.1:59315
TpTrace Verbose: 0 : 40816, 13, 2023/10/28, 14:28:56.465, 8842029315295, vstest.console.dll, TestRequestSender.OnExecutionMessageReceived: Received message: {"Version":2,"MessageType":"TestSession.Message","Payload":{"MessageLevel":0,"Message":"[xUnit.net 00:00:00.87]         C:\\dev\\MAZE\\FinancingSimulation\\FinancingSimulation.Tests\\Infraestructure\\_fixtures\\Repositories\\CustomerRepositoryFixture.cs(16,0): at FinancingSimulation.Tests.Infraestructure._fixtures.Repositories.CustomerRepositoryFixture.NewInstance()"}}
TpTrace Verbose: 0 : 40816, 13, 2023/10/28, 14:28:56.465, 8842029315732, vstest.console.dll, TestRunRequest:SendTestRunMessage: Starting.
TpTrace Verbose: 0 : 40816, 13, 2023/10/28, 14:28:56.465, 8842029315990, vstest.console.dll, MulticastDelegateUtilities.SafeInvoke: TestRun.LogMessages: Invoking callback 1/1 for Microsoft.VisualStudio.TestPlatform.CommandLine.TestRunResultAggregator., took 0 ms.
TpTrace Information: 0 : 40816, 13, 2023/10/28, 14:28:56.465, 8842029316184, vstest.console.dll, TestRunRequest:SendTestRunMessage: Completed.
TpTrace Verbose: 0 : 40816, 13, 2023/10/28, 14:28:56.465, 8842029316425, vstest.console.dll, MulticastDelegateUtilities.SafeInvoke: LengthPrefixCommunicationChannel: MessageReceived: Invoking callback 1/1 for Microsoft.VisualStudio.TestPlatform.CommunicationUtilities.TestRequestSender+<>c__DisplayClass34_0., took 0 ms.
TpTrace Verbose: 0 : 40816, 13, 2023/10/28, 14:28:56.465, 8842029316572, vstest.console.dll, TcpClientExtensions.MessageLoopAsync: Polling on remoteEndPoint: 127.0.0.1:59316 localEndPoint: 127.0.0.1:59315
TpTrace Verbose: 0 : 40816, 4, 2023/10/28, 14:28:56.465, 8842029316600, vstest.console.dll, MulticastDelegateUtilities.SafeInvoke: InternalTestLoggerEvents.SendTestRunMessage: Invoking callback 1/1 for Microsoft.VisualStudio.TestPlatform.CommandLine.Internal.ConsoleLogger., took 0 ms.
TpTrace Verbose: 0 : 40816, 13, 2023/10/28, 14:28:56.465, 8842029316742, vstest.console.dll, TcpClientExtensions.MessageLoopAsync: NotifyDataAvailable remoteEndPoint: 127.0.0.1:59316 localEndPoint: 127.0.0.1:59315
TpTrace Verbose: 0 : 40816, 13, 2023/10/28, 14:28:56.466, 8842029317634, vstest.console.dll, TestRequestSender.OnExecutionMessageReceived: Received message: {"Version":2,"MessageType":"TestSession.Message","Payload":{"MessageLevel":0,"Message":"[xUnit.net 00:00:00.87]         C:\\dev\\MAZE\\FinancingSimulation\\FinancingSimulation.Tests\\Tests\\Repositories\\CustomerRepositoryTests.cs(18,0): at FinancingSimulation.Tests.Tests.Repositories.CustomerRepositoryTests..ctor(CustomerRepositoryFixture fixture)"}}
TpTrace Verbose: 0 : 40816, 13, 2023/10/28, 14:28:56.466, 8842029318098, vstest.console.dll, TestRunRequest:SendTestRunMessage: Starting.
TpTrace Verbose: 0 : 40816, 13, 2023/10/28, 14:28:56.466, 8842029318366, vstest.console.dll, MulticastDelegateUtilities.SafeInvoke: TestRun.LogMessages: Invoking callback 1/1 for Microsoft.VisualStudio.TestPlatform.CommandLine.TestRunResultAggregator., took 0 ms.
TpTrace Information: 0 : 40816, 13, 2023/10/28, 14:28:56.466, 8842029318652, vstest.console.dll, TestRunRequest:SendTestRunMessage: Completed.
TpTrace Verbose: 0 : 40816, 13, 2023/10/28, 14:28:56.466, 8842029318789, vstest.console.dll, MulticastDelegateUtilities.SafeInvoke: LengthPrefixCommunicationChannel: MessageReceived: Invoking callback 1/1 for Microsoft.VisualStudio.TestPlatform.CommunicationUtilities.TestRequestSender+<>c__DisplayClass34_0., took 0 ms.
TpTrace Verbose: 0 : 40816, 13, 2023/10/28, 14:28:56.466, 8842029318932, vstest.console.dll, TcpClientExtensions.MessageLoopAsync: Polling on remoteEndPoint: 127.0.0.1:59316 localEndPoint: 127.0.0.1:59315
TpTrace Verbose: 0 : 40816, 4, 2023/10/28, 14:28:56.466, 8842029318984, vstest.console.dll, MulticastDelegateUtilities.SafeInvoke: InternalTestLoggerEvents.SendTestRunMessage: Invoking callback 1/1 for Microsoft.VisualStudio.TestPlatform.CommandLine.Internal.ConsoleLogger., took 0 ms.
TpTrace Verbose: 0 : 40816, 13, 2023/10/28, 14:28:56.469, 8842029354278, vstest.console.dll, TcpClientExtensions.MessageLoopAsync: NotifyDataAvailable remoteEndPoint: 127.0.0.1:59316 localEndPoint: 127.0.0.1:59315
TpTrace Verbose: 0 : 40816, 13, 2023/10/28, 14:28:56.469, 8842029355075, vstest.console.dll, TestRequestSender.OnExecutionMessageReceived: Received message: {"Version":2,"MessageType":"TestSession.Message","Payload":{"MessageLevel":2,"Message":"[xUnit.net 00:00:00.88]     FinancingSimulation.Tests.Tests.Repositories.CustomerRepositoryTests.TestGetAllAsync_ShoudReturnNotEmptyList_GivenValidInput [FAIL]"}}
TpTrace Verbose: 0 : 40816, 13, 2023/10/28, 14:28:56.469, 8842029355654, vstest.console.dll, TestRunRequest:SendTestRunMessage: Starting.
TpTrace Verbose: 0 : 40816, 13, 2023/10/28, 14:28:56.469, 8842029355998, vstest.console.dll, MulticastDelegateUtilities.SafeInvoke: TestRun.LogMessages: Invoking callback 1/1 for Microsoft.VisualStudio.TestPlatform.CommandLine.TestRunResultAggregator., took 0 ms.
TpTrace Information: 0 : 40816, 13, 2023/10/28, 14:28:56.469, 8842029356325, vstest.console.dll, TestRunRequest:SendTestRunMessage: Completed.
TpTrace Verbose: 0 : 40816, 13, 2023/10/28, 14:28:56.469, 8842029356471, vstest.console.dll, MulticastDelegateUtilities.SafeInvoke: LengthPrefixCommunicationChannel: MessageReceived: Invoking callback 1/1 for Microsoft.VisualStudio.TestPlatform.CommunicationUtilities.TestRequestSender+<>c__DisplayClass34_0., took 0 ms.
TpTrace Verbose: 0 : 40816, 13, 2023/10/28, 14:28:56.469, 8842029356649, vstest.console.dll, TcpClientExtensions.MessageLoopAsync: Polling on remoteEndPoint: 127.0.0.1:59316 localEndPoint: 127.0.0.1:59315
TpTrace Verbose: 0 : 40816, 13, 2023/10/28, 14:28:56.469, 8842029357105, vstest.console.dll, TcpClientExtensions.MessageLoopAsync: NotifyDataAvailable remoteEndPoint: 127.0.0.1:59316 localEndPoint: 127.0.0.1:59315
TpTrace Verbose: 0 : 40816, 13, 2023/10/28, 14:28:56.470, 8842029357488, vstest.console.dll, TestRequestSender.OnExecutionMessageReceived: Received message: {"Version":2,"MessageType":"TestSession.Message","Payload":{"MessageLevel":0,"Message":"[xUnit.net 00:00:00.88]       System.NullReferenceException : Object reference not set to an instance of an object."}}
TpTrace Verbose: 0 : 40816, 4, 2023/10/28, 14:28:56.470, 8842029357598, vstest.console.dll, MulticastDelegateUtilities.SafeInvoke: InternalTestLoggerEvents.SendTestRunMessage: Invoking callback 1/1 for Microsoft.VisualStudio.TestPlatform.CommandLine.Internal.ConsoleLogger., took 0 ms.
TpTrace Verbose: 0 : 40816, 13, 2023/10/28, 14:28:56.470, 8842029358165, vstest.console.dll, TestRunRequest:SendTestRunMessage: Starting.
TpTrace Verbose: 0 : 40816, 13, 2023/10/28, 14:28:56.470, 8842029358793, vstest.console.dll, MulticastDelegateUtilities.SafeInvoke: TestRun.LogMessages: Invoking callback 1/1 for Microsoft.VisualStudio.TestPlatform.CommandLine.TestRunResultAggregator., took 0 ms.
TpTrace Information: 0 : 40816, 13, 2023/10/28, 14:28:56.470, 8842029358998, vstest.console.dll, TestRunRequest:SendTestRunMessage: Completed.
TpTrace Verbose: 0 : 40816, 4, 2023/10/28, 14:28:56.470, 8842029359005, vstest.console.dll, MulticastDelegateUtilities.SafeInvoke: InternalTestLoggerEvents.SendTestRunMessage: Invoking callback 1/1 for Microsoft.VisualStudio.TestPlatform.CommandLine.Internal.ConsoleLogger., took 0 ms.
TpTrace Verbose: 0 : 40816, 13, 2023/10/28, 14:28:56.470, 8842029359166, vstest.console.dll, MulticastDelegateUtilities.SafeInvoke: LengthPrefixCommunicationChannel: MessageReceived: Invoking callback 1/1 for Microsoft.VisualStudio.TestPlatform.CommunicationUtilities.TestRequestSender+<>c__DisplayClass34_0., took 0 ms.
TpTrace Verbose: 0 : 40816, 13, 2023/10/28, 14:28:56.470, 8842029360010, vstest.console.dll, TcpClientExtensions.MessageLoopAsync: Polling on remoteEndPoint: 127.0.0.1:59316 localEndPoint: 127.0.0.1:59315
TpTrace Verbose: 0 : 40816, 13, 2023/10/28, 14:28:56.470, 8842029360213, vstest.console.dll, TcpClientExtensions.MessageLoopAsync: NotifyDataAvailable remoteEndPoint: 127.0.0.1:59316 localEndPoint: 127.0.0.1:59315
TpTrace Verbose: 0 : 40816, 13, 2023/10/28, 14:28:56.470, 8842029360776, vstest.console.dll, TestRequestSender.OnExecutionMessageReceived: Received message: {"Version":2,"MessageType":"TestSession.Message","Payload":{"MessageLevel":0,"Message":"[xUnit.net 00:00:00.88]       Stack Trace:"}}
TpTrace Verbose: 0 : 40816, 13, 2023/10/28, 14:28:56.470, 8842029361196, vstest.console.dll, TestRunRequest:SendTestRunMessage: Starting.
TpTrace Verbose: 0 : 40816, 13, 2023/10/28, 14:28:56.470, 8842029361470, vstest.console.dll, MulticastDelegateUtilities.SafeInvoke: TestRun.LogMessages: Invoking callback 1/1 for Microsoft.VisualStudio.TestPlatform.CommandLine.TestRunResultAggregator., took 0 ms.
TpTrace Information: 0 : 40816, 13, 2023/10/28, 14:28:56.470, 8842029361640, vstest.console.dll, TestRunRequest:SendTestRunMessage: Completed.
TpTrace Verbose: 0 : 40816, 13, 2023/10/28, 14:28:56.470, 8842029361814, vstest.console.dll, MulticastDelegateUtilities.SafeInvoke: LengthPrefixCommunicationChannel: MessageReceived: Invoking callback 1/1 for Microsoft.VisualStudio.TestPlatform.CommunicationUtilities.TestRequestSender+<>c__DisplayClass34_0., took 0 ms.
TpTrace Verbose: 0 : 40816, 4, 2023/10/28, 14:28:56.470, 8842029361629, vstest.console.dll, MulticastDelegateUtilities.SafeInvoke: InternalTestLoggerEvents.SendTestRunMessage: Invoking callback 1/1 for Microsoft.VisualStudio.TestPlatform.CommandLine.Internal.ConsoleLogger., took 0 ms.
TpTrace Verbose: 0 : 40816, 13, 2023/10/28, 14:28:56.470, 8842029362286, vstest.console.dll, TcpClientExtensions.MessageLoopAsync: Polling on remoteEndPoint: 127.0.0.1:59316 localEndPoint: 127.0.0.1:59315
TpTrace Verbose: 0 : 40816, 13, 2023/10/28, 14:28:56.470, 8842029362626, vstest.console.dll, TcpClientExtensions.MessageLoopAsync: NotifyDataAvailable remoteEndPoint: 127.0.0.1:59316 localEndPoint: 127.0.0.1:59315
TpTrace Verbose: 0 : 40816, 13, 2023/10/28, 14:28:56.470, 8842029362923, vstest.console.dll, TestRequestSender.OnExecutionMessageReceived: Received message: {"Version":2,"MessageType":"TestSession.Message","Payload":{"MessageLevel":0,"Message":"[xUnit.net 00:00:00.88]         C:\\dev\\MAZE\\FinancingSimulation\\FinancingSimulation.Infraestructure\\Repositories\\Base\\BaseRepository.cs(15,0): at FinancingSimulation.Infraestructure.Repositories.Base.BaseRepository`1..ctor(IContext context)"}}
TpTrace Verbose: 0 : 40816, 13, 2023/10/28, 14:28:56.470, 8842029363352, vstest.console.dll, TestRunRequest:SendTestRunMessage: Starting.
TpTrace Verbose: 0 : 40816, 13, 2023/10/28, 14:28:56.470, 8842029363611, vstest.console.dll, MulticastDelegateUtilities.SafeInvoke: TestRun.LogMessages: Invoking callback 1/1 for Microsoft.VisualStudio.TestPlatform.CommandLine.TestRunResultAggregator., took 0 ms.
TpTrace Verbose: 0 : 40816, 4, 2023/10/28, 14:28:56.470, 8842029363691, vstest.console.dll, MulticastDelegateUtilities.SafeInvoke: InternalTestLoggerEvents.SendTestRunMessage: Invoking callback 1/1 for Microsoft.VisualStudio.TestPlatform.CommandLine.Internal.ConsoleLogger., took 0 ms.
TpTrace Information: 0 : 40816, 13, 2023/10/28, 14:28:56.470, 8842029363926, vstest.console.dll, TestRunRequest:SendTestRunMessage: Completed.
TpTrace Verbose: 0 : 40816, 13, 2023/10/28, 14:28:56.470, 8842029364435, vstest.console.dll, MulticastDelegateUtilities.SafeInvoke: LengthPrefixCommunicationChannel: MessageReceived: Invoking callback 1/1 for Microsoft.VisualStudio.TestPlatform.CommunicationUtilities.TestRequestSender+<>c__DisplayClass34_0., took 0 ms.
TpTrace Verbose: 0 : 40816, 13, 2023/10/28, 14:28:56.470, 8842029364590, vstest.console.dll, TcpClientExtensions.MessageLoopAsync: Polling on remoteEndPoint: 127.0.0.1:59316 localEndPoint: 127.0.0.1:59315
TpTrace Verbose: 0 : 40816, 13, 2023/10/28, 14:28:56.470, 8842029364760, vstest.console.dll, TcpClientExtensions.MessageLoopAsync: NotifyDataAvailable remoteEndPoint: 127.0.0.1:59316 localEndPoint: 127.0.0.1:59315
TpTrace Verbose: 0 : 40816, 13, 2023/10/28, 14:28:56.470, 8842029365056, vstest.console.dll, TestRequestSender.OnExecutionMessageReceived: Received message: {"Version":2,"MessageType":"TestSession.Message","Payload":{"MessageLevel":0,"Message":"[xUnit.net 00:00:00.88]         C:\\dev\\MAZE\\FinancingSimulation\\FinancingSimulation.Infraestructure\\Repositories\\CustomerRepository.cs(12,0): at FinancingSimulation.Infraestructure.Repositories.CustomerRepository..ctor(IContext context)"}}
TpTrace Verbose: 0 : 40816, 13, 2023/10/28, 14:28:56.470, 8842029365760, vstest.console.dll, TestRunRequest:SendTestRunMessage: Starting.
TpTrace Verbose: 0 : 40816, 13, 2023/10/28, 14:28:56.470, 8842029366090, vstest.console.dll, MulticastDelegateUtilities.SafeInvoke: TestRun.LogMessages: Invoking callback 1/1 for Microsoft.VisualStudio.TestPlatform.CommandLine.TestRunResultAggregator., took 0 ms.
TpTrace Information: 0 : 40816, 13, 2023/10/28, 14:28:56.470, 8842029366350, vstest.console.dll, TestRunRequest:SendTestRunMessage: Completed.
TpTrace Verbose: 0 : 40816, 13, 2023/10/28, 14:28:56.470, 8842029366498, vstest.console.dll, MulticastDelegateUtilities.SafeInvoke: LengthPrefixCommunicationChannel: MessageReceived: Invoking callback 1/1 for Microsoft.VisualStudio.TestPlatform.CommunicationUtilities.TestRequestSender+<>c__DisplayClass34_0., took 0 ms.
TpTrace Verbose: 0 : 40816, 13, 2023/10/28, 14:28:56.470, 8842029366646, vstest.console.dll, TcpClientExtensions.MessageLoopAsync: Polling on remoteEndPoint: 127.0.0.1:59316 localEndPoint: 127.0.0.1:59315
TpTrace Verbose: 0 : 40816, 4, 2023/10/28, 14:28:56.470, 8842029366711, vstest.console.dll, MulticastDelegateUtilities.SafeInvoke: InternalTestLoggerEvents.SendTestRunMessage: Invoking callback 1/1 for Microsoft.VisualStudio.TestPlatform.CommandLine.Internal.ConsoleLogger., took 0 ms.
TpTrace Verbose: 0 : 40816, 13, 2023/10/28, 14:28:56.470, 8842029366870, vstest.console.dll, TcpClientExtensions.MessageLoopAsync: NotifyDataAvailable remoteEndPoint: 127.0.0.1:59316 localEndPoint: 127.0.0.1:59315
TpTrace Verbose: 0 : 40816, 13, 2023/10/28, 14:28:56.471, 8842029367673, vstest.console.dll, TestRequestSender.OnExecutionMessageReceived: Received message: {"Version":2,"MessageType":"TestSession.Message","Payload":{"MessageLevel":0,"Message":"[xUnit.net 00:00:00.88]         C:\\dev\\MAZE\\FinancingSimulation\\FinancingSimulation.Tests\\Infraestructure\\_fixtures\\Repositories\\CustomerRepositoryFixture.cs(16,0): at FinancingSimulation.Tests.Infraestructure._fixtures.Repositories.CustomerRepositoryFixture.NewInstance()"}}
TpTrace Verbose: 0 : 40816, 13, 2023/10/28, 14:28:56.471, 8842029368103, vstest.console.dll, TestRunRequest:SendTestRunMessage: Starting.
TpTrace Verbose: 0 : 40816, 13, 2023/10/28, 14:28:56.471, 8842029368348, vstest.console.dll, MulticastDelegateUtilities.SafeInvoke: TestRun.LogMessages: Invoking callback 1/1 for Microsoft.VisualStudio.TestPlatform.CommandLine.TestRunResultAggregator., took 0 ms.
TpTrace Information: 0 : 40816, 13, 2023/10/28, 14:28:56.471, 8842029368686, vstest.console.dll, TestRunRequest:SendTestRunMessage: Completed.
TpTrace Verbose: 0 : 40816, 13, 2023/10/28, 14:28:56.471, 8842029368824, vstest.console.dll, MulticastDelegateUtilities.SafeInvoke: LengthPrefixCommunicationChannel: MessageReceived: Invoking callback 1/1 for Microsoft.VisualStudio.TestPlatform.CommunicationUtilities.TestRequestSender+<>c__DisplayClass34_0., took 0 ms.
TpTrace Verbose: 0 : 40816, 4, 2023/10/28, 14:28:56.471, 8842029368906, vstest.console.dll, MulticastDelegateUtilities.SafeInvoke: InternalTestLoggerEvents.SendTestRunMessage: Invoking callback 1/1 for Microsoft.VisualStudio.TestPlatform.CommandLine.Internal.ConsoleLogger., took 0 ms.
TpTrace Verbose: 0 : 40816, 13, 2023/10/28, 14:28:56.471, 8842029368967, vstest.console.dll, TcpClientExtensions.MessageLoopAsync: Polling on remoteEndPoint: 127.0.0.1:59316 localEndPoint: 127.0.0.1:59315
TpTrace Verbose: 0 : 40816, 13, 2023/10/28, 14:28:56.471, 8842029370540, vstest.console.dll, TcpClientExtensions.MessageLoopAsync: NotifyDataAvailable remoteEndPoint: 127.0.0.1:59316 localEndPoint: 127.0.0.1:59315
TpTrace Verbose: 0 : 40816, 13, 2023/10/28, 14:28:56.471, 8842029371215, vstest.console.dll, TestRequestSender.OnExecutionMessageReceived: Received message: {"Version":2,"MessageType":"TestSession.Message","Payload":{"MessageLevel":0,"Message":"[xUnit.net 00:00:00.88]         C:\\dev\\MAZE\\FinancingSimulation\\FinancingSimulation.Tests\\Tests\\Repositories\\CustomerRepositoryTests.cs(18,0): at FinancingSimulation.Tests.Tests.Repositories.CustomerRepositoryTests..ctor(CustomerRepositoryFixture fixture)"}}
TpTrace Verbose: 0 : 40816, 13, 2023/10/28, 14:28:56.471, 8842029371897, vstest.console.dll, TestRunRequest:SendTestRunMessage: Starting.
TpTrace Verbose: 0 : 40816, 13, 2023/10/28, 14:28:56.471, 8842029372383, vstest.console.dll, MulticastDelegateUtilities.SafeInvoke: TestRun.LogMessages: Invoking callback 1/1 for Microsoft.VisualStudio.TestPlatform.CommandLine.TestRunResultAggregator., took 0 ms.
TpTrace Verbose: 0 : 40816, 4, 2023/10/28, 14:28:56.471, 8842029372508, vstest.console.dll, MulticastDelegateUtilities.SafeInvoke: InternalTestLoggerEvents.SendTestRunMessage: Invoking callback 1/1 for Microsoft.VisualStudio.TestPlatform.CommandLine.Internal.ConsoleLogger., took 0 ms.
TpTrace Information: 0 : 40816, 13, 2023/10/28, 14:28:56.471, 8842029372972, vstest.console.dll, TestRunRequest:SendTestRunMessage: Completed.
TpTrace Verbose: 0 : 40816, 13, 2023/10/28, 14:28:56.471, 8842029373374, vstest.console.dll, MulticastDelegateUtilities.SafeInvoke: LengthPrefixCommunicationChannel: MessageReceived: Invoking callback 1/1 for Microsoft.VisualStudio.TestPlatform.CommunicationUtilities.TestRequestSender+<>c__DisplayClass34_0., took 0 ms.
TpTrace Verbose: 0 : 40816, 13, 2023/10/28, 14:28:56.471, 8842029373648, vstest.console.dll, TcpClientExtensions.MessageLoopAsync: Polling on remoteEndPoint: 127.0.0.1:59316 localEndPoint: 127.0.0.1:59315
TpTrace Verbose: 0 : 40816, 13, 2023/10/28, 14:28:56.471, 8842029374830, vstest.console.dll, TcpClientExtensions.MessageLoopAsync: NotifyDataAvailable remoteEndPoint: 127.0.0.1:59316 localEndPoint: 127.0.0.1:59315
TpTrace Verbose: 0 : 40816, 13, 2023/10/28, 14:28:56.471, 8842029375210, vstest.console.dll, TestRequestSender.OnExecutionMessageReceived: Received message: {"Version":2,"MessageType":"TestSession.Message","Payload":{"MessageLevel":0,"Message":"[xUnit.net 00:00:00.88]   Finished:    FinancingSimulation.Tests"}}
TpTrace Verbose: 0 : 40816, 13, 2023/10/28, 14:28:56.471, 8842029375657, vstest.console.dll, TestRunRequest:SendTestRunMessage: Starting.
TpTrace Verbose: 0 : 40816, 13, 2023/10/28, 14:28:56.471, 8842029375933, vstest.console.dll, MulticastDelegateUtilities.SafeInvoke: TestRun.LogMessages: Invoking callback 1/1 for Microsoft.VisualStudio.TestPlatform.CommandLine.TestRunResultAggregator., took 0 ms.
TpTrace Verbose: 0 : 40816, 4, 2023/10/28, 14:28:56.471, 8842029376067, vstest.console.dll, MulticastDelegateUtilities.SafeInvoke: InternalTestLoggerEvents.SendTestRunMessage: Invoking callback 1/1 for Microsoft.VisualStudio.TestPlatform.CommandLine.Internal.ConsoleLogger., took 0 ms.
TpTrace Information: 0 : 40816, 13, 2023/10/28, 14:28:56.471, 8842029376185, vstest.console.dll, TestRunRequest:SendTestRunMessage: Completed.
TpTrace Verbose: 0 : 40816, 13, 2023/10/28, 14:28:56.471, 8842029376993, vstest.console.dll, MulticastDelegateUtilities.SafeInvoke: LengthPrefixCommunicationChannel: MessageReceived: Invoking callback 1/1 for Microsoft.VisualStudio.TestPlatform.CommunicationUtilities.TestRequestSender+<>c__DisplayClass34_0., took 0 ms.
TpTrace Verbose: 0 : 40816, 13, 2023/10/28, 14:28:56.472, 8842029377274, vstest.console.dll, TcpClientExtensions.MessageLoopAsync: Polling on remoteEndPoint: 127.0.0.1:59316 localEndPoint: 127.0.0.1:59315
TpTrace Verbose: 0 : 40816, 13, 2023/10/28, 14:28:56.496, 8842029625040, vstest.console.dll, TcpClientExtensions.MessageLoopAsync: NotifyDataAvailable remoteEndPoint: 127.0.0.1:59316 localEndPoint: 127.0.0.1:59315
TpTrace Verbose: 0 : 40816, 13, 2023/10/28, 14:28:56.497, 8842029627768, vstest.console.dll, TestRequestSender.OnExecutionMessageReceived: Received message: {"Version":2,"MessageType":"TestExecution.Completed","Payload":{"TestRunCompleteArgs":{"TestRunStatistics":{"ExecutedTests":5,"Stats":{"Passed":3,"Failed":2}},"IsCanceled":false,"IsAborted":false,"Error":null,"AttachmentSets":[],"ElapsedTimeInRunningTests":"00:00:00.8905179","Metrics":{}},"LastRunTests":{"NewTestResults":[{"TestCase":{"Id":"a60f417c-da0b-5e63-7986-b646bbd83fcc","FullyQualifiedName":"FinancingSimulation.Tests.Tests.Services.CustomerServiceTests.TestGetAllAsync_ShoudReturnNotEmptyList_GivenValidInput","DisplayName":"FinancingSimulation.Tests.Tests.Services.CustomerServiceTests.TestGetAllAsync_ShoudReturnNotEmptyList_GivenValidInput","ExecutorUri":"executor://xunit/VsTestRunner2/netcoreapp","Source":"C:\\dev\\MAZE\\FinancingSimulation\\FinancingSimulation.Tests\\bin\\Debug\\net6.0\\fine-code-coverage\\build-output\\FinancingSimulation.Tests.dll","CodeFilePath":null,"LineNumber":0,"Properties":[]},"Attachments":[],"Outcome":1,"ErrorMessage":null,"ErrorStackTrace":null,"DisplayName":"FinancingSimulation.Tests.Tests.Services.CustomerServiceTests.TestGetAllAsync_ShoudReturnNotEmptyList_GivenValidInput","Messages":[],"ComputerName":"WMN01679","Duration":"00:00:00.1367732","StartTime":"2023-10-28T14:28:56.4140826-03:00","EndTime":"2023-10-28T14:28:56.4157344-03:00","Properties":[]},{"TestCase":{"Id":"4133363e-7946-e4ed-a3d6-5e143dc5b2d5","FullyQualifiedName":"FinancingSimulation.Tests.Tests.Services.CustomerServiceTests.TestGetByIdAsync_ShoudReturnNotNullObject_GivenValidInput","DisplayName":"FinancingSimulation.Tests.Tests.Services.CustomerServiceTests.TestGetByIdAsync_ShoudReturnNotNullObject_GivenValidInput","ExecutorUri":"executor://xunit/VsTestRunner2/netcoreapp","Source":"C:\\dev\\MAZE\\FinancingSimulation\\FinancingSimulation.Tests\\bin\\Debug\\net6.0\\fine-code-coverage\\build-output\\FinancingSimulation.Tests.dll","CodeFilePath":null,"LineNumber":0,"Properties":[]},"Attachments":[],"Outcome":1,"ErrorMessage":null,"ErrorStackTrace":null,"DisplayName":"FinancingSimulation.Tests.Tests.Services.CustomerServiceTests.TestGetByIdAsync_ShoudReturnNotNullObject_GivenValidInput","Messages":[],"ComputerName":"WMN01679","Duration":"00:00:00.0169510","StartTime":"2023-10-28T14:28:56.4577478-03:00","EndTime":"2023-10-28T14:28:56.4577497-03:00","Properties":[]},{"TestCase":{"Id":"af024b6f-c9d9-21f2-b6b5-53e5e6c6b3ec","FullyQualifiedName":"FinancingSimulation.Tests.Tests.Repositories.CustomerRepositoryTests.TestGetByIdAsync_ShoudReturnNotNullObject_GivenValidInput","DisplayName":"FinancingSimulation.Tests.Tests.Repositories.CustomerRepositoryTests.TestGetByIdAsync_ShoudReturnNotNullObject_GivenValidInput","ExecutorUri":"executor://xunit/VsTestRunner2/netcoreapp","Source":"C:\\dev\\MAZE\\FinancingSimulation\\FinancingSimulation.Tests\\bin\\Debug\\net6.0\\fine-code-coverage\\build-output\\FinancingSimulation.Tests.dll","CodeFilePath":null,"LineNumber":0,"Properties":[]},"Attachments":[],"Outcome":2,"ErrorMessage":"System.NullReferenceException : Object reference not set to an instance of an object.","ErrorStackTrace":"   at FinancingSimulation.Infraestructure.Repositories.Base.BaseRepository`1..ctor(IContext context) in C:\\dev\\MAZE\\FinancingSimulation\\FinancingSimulation.Infraestructure\\Repositories\\Base\\BaseRepository.cs:line 15\r\n   at FinancingSimulation.Infraestructure.Repositories.CustomerRepository..ctor(IContext context) in C:\\dev\\MAZE\\FinancingSimulation\\FinancingSimulation.Infraestructure\\Repositories\\CustomerRepository.cs:line 12\r\n   at FinancingSimulation.Tests.Infraestructure._fixtures.Repositories.CustomerRepositoryFixture.NewInstance() in C:\\dev\\MAZE\\FinancingSimulation\\FinancingSimulation.Tests\\Infraestructure\\_fixtures\\Repositories\\CustomerRepositoryFixture.cs:line 16\r\n   at FinancingSimulation.Tests.Tests.Repositories.CustomerRepositoryTests..ctor(CustomerRepositoryFixture fixture) in C:\\dev\\MAZE\\FinancingSimulation\\FinancingSimulation.Tests\\Tests\\Repositories\\CustomerRepositoryTests.cs:line 18","DisplayName":"FinancingSimulation.Tests.Tests.Repositories.CustomerRepositoryTests.TestGetByIdAsync_ShoudReturnNotNullObject_GivenValidInput","Messages":[],"ComputerName":"WMN01679","Duration":"00:00:00.0010000","StartTime":"2023-10-28T14:28:56.4663208-03:00","EndTime":"2023-10-28T14:28:56.4663229-03:00","Properties":[]},{"TestCase":{"Id":"67ed851d-1f96-22f7-b668-dc83c287c17e","FullyQualifiedName":"FinancingSimulation.Tests.Tests.Services.CustomerServiceTests.TestGetAllAsync_ShoudReturnNotNullObject","DisplayName":"FinancingSimulation.Tests.Tests.Services.CustomerServiceTests.TestGetAllAsync_ShoudReturnNotNullObject","ExecutorUri":"executor://xunit/VsTestRunner2/netcoreapp","Source":"C:\\dev\\MAZE\\FinancingSimulation\\FinancingSimulation.Tests\\bin\\Debug\\net6.0\\fine-code-coverage\\build-output\\FinancingSimulation.Tests.dll","CodeFilePath":null,"LineNumber":0,"Properties":[]},"Attachments":[],"Outcome":1,"ErrorMessage":null,"ErrorStackTrace":null,"DisplayName":"FinancingSimulation.Tests.Tests.Services.CustomerServiceTests.TestGetAllAsync_ShoudReturnNotNullObject","Messages":[],"ComputerName":"WMN01679","Duration":"00:00:00.0102501","StartTime":"2023-10-28T14:28:56.4684723-03:00","EndTime":"2023-10-28T14:28:56.4684751-03:00","Properties":[]},{"TestCase":{"Id":"e42be6c1-8807-edf6-b3d2-34d26a357bce","FullyQualifiedName":"FinancingSimulation.Tests.Tests.Repositories.CustomerRepositoryTests.TestGetAllAsync_ShoudReturnNotEmptyList_GivenValidInput","DisplayName":"FinancingSimulation.Tests.Tests.Repositories.CustomerRepositoryTests.TestGetAllAsync_ShoudReturnNotEmptyList_GivenValidInput","ExecutorUri":"executor://xunit/VsTestRunner2/netcoreapp","Source":"C:\\dev\\MAZE\\FinancingSimulation\\FinancingSimulation.Tests\\bin\\Debug\\net6.0\\fine-code-coverage\\build-output\\FinancingSimulation.Tests.dll","CodeFilePath":null,"LineNumber":0,"Properties":[]},"Attachments":[],"Outcome":2,"ErrorMessage":"System.NullReferenceException : Object reference not set to an instance of an object.","ErrorStackTrace":"   at FinancingSimulation.Infraestructure.Repositories.Base.BaseRepository`1..ctor(IContext context) in C:\\dev\\MAZE\\FinancingSimulation\\FinancingSimulation.Infraestructure\\Repositories\\Base\\BaseRepository.cs:line 15\r\n   at FinancingSimulation.Infraestructure.Repositories.CustomerRepository..ctor(IContext context) in C:\\dev\\MAZE\\FinancingSimulation\\FinancingSimulation.Infraestructure\\Repositories\\CustomerRepository.cs:line 12\r\n   at FinancingSimulation.Tests.Infraestructure._fixtures.Repositories.CustomerRepositoryFixture.NewInstance() in C:\\dev\\MAZE\\FinancingSimulation\\FinancingSimulation.Tests\\Infraestructure\\_fixtures\\Repositories\\CustomerRepositoryFixture.cs:line 16\r\n   at FinancingSimulation.Tests.Tests.Repositories.CustomerRepositoryTests..ctor(CustomerRepositoryFixture fixture) in C:\\dev\\MAZE\\FinancingSimulation\\FinancingSimulation.Tests\\Tests\\Repositories\\CustomerRepositoryTests.cs:line 18","DisplayName":"FinancingSimulation.Tests.Tests.Repositories.CustomerRepositoryTests.TestGetAllAsync_ShoudReturnNotEmptyList_GivenValidInput","Messages":[],"ComputerName":"WMN01679","Duration":"00:00:00.0010000","StartTime":"2023-10-28T14:28:56.4701284-03:00","EndTime":"2023-10-28T14:28:56.4701293-03:00","Properties":[]}],"TestRunStatistics":{"ExecutedTests":5,"Stats":{"Passed":3,"Failed":2}},"ActiveTests":[]},"RunAttachments":[],"ExecutorUris":["executor://xunit/VsTestRunner2/netcoreapp"]}}
TpTrace Verbose: 0 : 40816, 13, 2023/10/28, 14:28:56.497, 8842029629090, vstest.console.dll, TestRequestSender.EndSession: Sending end session.
TpTrace Verbose: 0 : 40816, 13, 2023/10/28, 14:28:56.497, 8842029630706, vstest.console.dll, ProxyOperationManager.Close: waiting for test host to exit for 100 ms
TpTrace Verbose: 0 : 40816, 7, 2023/10/28, 14:28:56.531, 8842029974796, vstest.console.dll, TestHostManagerCallbacks.ctor: Experimental forwarding output is disabled.
TpTrace Warning: 0 : 40816, 7, 2023/10/28, 14:28:56.531, 8842029976011, vstest.console.dll, TestHostManagerCallbacks.ErrorReceivedCallback Test host standard error line: 
TpTrace Verbose: 0 : 40816, 7, 2023/10/28, 14:28:56.542, 8842030079697, vstest.console.dll, TestHostProvider.ExitCallBack: Host exited starting callback.
TpTrace Information: 0 : 40816, 7, 2023/10/28, 14:28:56.542, 8842030081430, vstest.console.dll, TestHostManagerCallbacks.ExitCallBack: Testhost processId: 33776 exited with exitcode: 0 error: ''
TpTrace Verbose: 0 : 40816, 7, 2023/10/28, 14:28:56.542, 8842030081766, vstest.console.dll, DotnetTestHostManager.OnHostExited: invoking OnHostExited callback
TpTrace Verbose: 0 : 40816, 7, 2023/10/28, 14:28:56.542, 8842030082101, vstest.console.dll, CrossPlatEngine.TestHostManagerHostExited: calling on client process exit callback.
TpTrace Information: 0 : 40816, 7, 2023/10/28, 14:28:56.542, 8842030082605, vstest.console.dll, TestRequestSender.OnClientProcessExit: Test host process exited. Standard error: 
TpTrace Information: 0 : 40816, 7, 2023/10/28, 14:28:56.542, 8842030082999, vstest.console.dll, SocketServer.Stop: Stop server endPoint: 127.0.0.1:59315
TpTrace Information: 0 : 40816, 7, 2023/10/28, 14:28:56.542, 8842030083173, vstest.console.dll, SocketServer.Stop: Cancellation requested. Stopping message loop.
TpTrace Verbose: 0 : 40816, 7, 2023/10/28, 14:28:56.542, 8842030083711, vstest.console.dll, MulticastDelegateUtilities.SafeInvoke: HostProviderEvents.OnHostExited: Invoking callback 1/1 for Microsoft.VisualStudio.TestPlatform.CrossPlatEngine.Client.ProxyOperationManager., took 0 ms.
TpTrace Information: 0 : 40816, 13, 2023/10/28, 14:28:56.542, 8842030083810, vstest.console.dll, SocketServer.Stop: Stop server endPoint: 127.0.0.1:59315
TpTrace Information: 0 : 40816, 13, 2023/10/28, 14:28:56.542, 8842030084412, vstest.console.dll, SocketServer.Stop: Cancellation requested. Stopping message loop.
TpTrace Information: 0 : 40816, 13, 2023/10/28, 14:28:56.542, 8842030084687, vstest.console.dll, Closing the connection
TpTrace Verbose: 0 : 40816, 13, 2023/10/28, 14:28:56.543, 8842030090668, vstest.console.dll, ProxyDataCollectionManager.InvokeDataCollectionServiceAction: Starting.
TpTrace Information: 0 : 40816, 13, 2023/10/28, 14:28:56.543, 8842030091085, vstest.console.dll, ProxyDataCollectionManager.AfterTestRunEnd: Get attachment set and invoked data collectors processId: 6952 port: 59312
TpTrace Verbose: 0 : 40816, 13, 2023/10/28, 14:28:56.543, 8842030091428, vstest.console.dll, DataCollectionRequestSender.SendAfterTestRunStartAndGetResult: Send AfterTestRunEnd message with isCancelled: False
TpTrace Verbose: 0 : 40816, 13, 2023/10/28, 14:28:56.548, 8842030146893, vstest.console.dll, DataCollectionRequestSender.SendAfterTestRunStartAndGetResult: Received message: (DataCollection.AfterTestRunEndResult) -> {"MessageType":"DataCollection.AfterTestRunEndResult","Payload":{"AttachmentSets":[],"InvokedDataCollectors":[{"Uri":"datacollector://Microsoft/TestPlatform/Extensions/Blame/v1","FriendlyName":"Blame","AssemblyQualifiedName":"Microsoft.TestPlatform.Extensions.BlameDataCollector.BlameCollector, Microsoft.TestPlatform.Extensions.BlameDataCollector, Version=15.0.0.0, Culture=neutral, PublicKeyToken=b03f5f7f11d50a3a","FilePath":"C:\\Program Files\\dotnet\\sdk\\7.0.400\\Extensions\\Microsoft.TestPlatform.Extensions.BlameDataCollector.dll","HasAttachmentProcessor":false}],"Metrics":{}}}
TpTrace Warning: 0 : 40816, 10, 2023/10/28, 14:28:56.565, 8842030312049, vstest.console.dll, DataCollectionLauncher.ErrorReceivedCallback datacollector standard error line: 
TpTrace Information: 0 : 40816, 10, 2023/10/28, 14:28:56.567, 8842030327784, vstest.console.dll, DataCollectionLauncher.ExitCallBack: Data collector exited with exitcode: 0 error: ''
TpTrace Information: 0 : 40816, 13, 2023/10/28, 14:28:56.568, 8842030337208, vstest.console.dll, ProxyDataCollectionManager.InvokeDataCollectionServiceAction: Completed.
TpTrace Verbose: 0 : 40816, 13, 2023/10/28, 14:28:56.605, 8842030709519, vstest.console.dll, TestRunRequest:SendTestRunStatsChange: Starting.
TpTrace Verbose: 0 : 40816, 13, 2023/10/28, 14:28:56.605, 8842030712153, vstest.console.dll, MulticastDelegateUtilities.SafeInvoke: TestRun.RunStatsChanged: Invoking callbacks was skipped because there are no subscribers.
TpTrace Information: 0 : 40816, 13, 2023/10/28, 14:28:56.605, 8842030712508, vstest.console.dll, TestRunRequest:SendTestRunStatsChange: Completed.
TpTrace Verbose: 0 : 40816, 13, 2023/10/28, 14:28:56.606, 8842030719892, vstest.console.dll, ParallelProxyExecutionManager: HandlePartialRunComplete: Total completed clients = 1, Run complete = True, Run canceled: False.
TpTrace Verbose: 0 : 40816, 4, 2023/10/28, 14:28:56.606, 8842030725283, vstest.console.dll, MulticastDelegateUtilities.SafeInvoke: InternalTestLoggerEvents.SendTestResult: Invoking callback 1/1 for Microsoft.VisualStudio.TestPlatform.CommandLine.Internal.ConsoleLogger., took 1 ms.
TpTrace Verbose: 0 : 40816, 4, 2023/10/28, 14:28:56.606, 8842030726800, vstest.console.dll, MulticastDelegateUtilities.SafeInvoke: InternalTestLoggerEvents.SendTestResult: Invoking callback 1/1 for Microsoft.VisualStudio.TestPlatform.CommandLine.Internal.ConsoleLogger., took 0 ms.
TpTrace Verbose: 0 : 40816, 4, 2023/10/28, 14:28:56.607, 8842030731103, vstest.console.dll, MulticastDelegateUtilities.SafeInvoke: InternalTestLoggerEvents.SendTestResult: Invoking callback 1/1 for Microsoft.VisualStudio.TestPlatform.CommandLine.Internal.ConsoleLogger., took 0 ms.
TpTrace Verbose: 0 : 40816, 4, 2023/10/28, 14:28:56.607, 8842030731665, vstest.console.dll, MulticastDelegateUtilities.SafeInvoke: InternalTestLoggerEvents.SendTestResult: Invoking callback 1/1 for Microsoft.VisualStudio.TestPlatform.CommandLine.Internal.ConsoleLogger., took 0 ms.
TpTrace Verbose: 0 : 40816, 4, 2023/10/28, 14:28:56.607, 8842030733424, vstest.console.dll, MulticastDelegateUtilities.SafeInvoke: InternalTestLoggerEvents.SendTestResult: Invoking callback 1/1 for Microsoft.VisualStudio.TestPlatform.CommandLine.Internal.ConsoleLogger., took 0 ms.
TpTrace Verbose: 0 : 40816, 4, 2023/10/28, 14:28:56.617, 8842030828354, vstest.console.dll, MulticastDelegateUtilities.SafeInvoke: InternalTestLoggerEvents.SendTestRunComplete: Invoking callback 1/2 for Microsoft.TestPlatform.Extensions.BlameDataCollector.BlameLogger., took 0 ms.
TpTrace Verbose: 0 : 40816, 4, 2023/10/28, 14:28:56.621, 8842030873802, vstest.console.dll, MulticastDelegateUtilities.SafeInvoke: InternalTestLoggerEvents.SendTestRunComplete: Invoking callback 2/2 for Microsoft.VisualStudio.TestPlatform.CommandLine.Internal.ConsoleLogger., took 4 ms.
TpTrace Verbose: 0 : 40816, 13, 2023/10/28, 14:28:56.622, 8842030877341, vstest.console.dll, TestRunRequest:TestRunComplete: Starting. IsAborted:False IsCanceled:False.
TpTrace Verbose: 0 : 40816, 13, 2023/10/28, 14:28:56.624, 8842030898928, vstest.console.dll, TestLoggerManager.HandleTestRunComplete: Ignoring as the object is disposed.
TpTrace Verbose: 0 : 40816, 13, 2023/10/28, 14:28:56.624, 8842030901363, vstest.console.dll, MulticastDelegateUtilities.SafeInvoke: TestRun.TestRunComplete: Invoking callback 1/2 for Microsoft.VisualStudio.TestPlatform.CommandLine.TestRunResultAggregator., took 0 ms.
TpTrace Verbose: 0 : 40816, 13, 2023/10/28, 14:28:56.624, 8842030902330, vstest.console.dll, MulticastDelegateUtilities.SafeInvoke: TestRun.TestRunComplete: Invoking callback 2/2 for Microsoft.VisualStudio.TestPlatform.CommandLine.Processors.RunTestsArgumentExecutor+TestRunRequestEventsRegistrar., took 0 ms.
TpTrace Information: 0 : 40816, 13, 2023/10/28, 14:28:56.624, 8842030902979, vstest.console.dll, TestRunRequest:TestRunComplete: Completed.
TpTrace Verbose: 0 : 40816, 13, 2023/10/28, 14:28:56.624, 8842030903234, vstest.console.dll, TestRequestSender.SetOperationComplete: Setting operation complete.
TpTrace Information: 0 : 40816, 13, 2023/10/28, 14:28:56.624, 8842030903371, vstest.console.dll, SocketServer.Stop: Stop server endPoint: 127.0.0.1:59315
TpTrace Information: 0 : 40816, 13, 2023/10/28, 14:28:56.624, 8842030903572, vstest.console.dll, SocketServer.Stop: Cancellation requested. Stopping message loop.
TpTrace Verbose: 0 : 40816, 13, 2023/10/28, 14:28:56.624, 8842030903759, vstest.console.dll, MulticastDelegateUtilities.SafeInvoke: LengthPrefixCommunicationChannel: MessageReceived: Invoking callback 1/1 for Microsoft.VisualStudio.TestPlatform.CommunicationUtilities.TestRequestSender+<>c__DisplayClass34_0., took 127 ms.
TpTrace Information: 0 : 40816, 13, 2023/10/28, 14:28:56.624, 8842030903967, vstest.console.dll, SocketServer.PrivateStop: Stopping server endPoint: 127.0.0.1:59315 error: 
TpTrace Verbose: 0 : 40816, 1, 2023/10/28, 14:28:56.624, 8842030904419, vstest.console.dll, TestRunRequest.Dispose: Starting.
TpTrace Information: 0 : 40816, 1, 2023/10/28, 14:28:56.624, 8842030905015, vstest.console.dll, TestRunRequest.Dispose: Completed.
TpTrace Information: 0 : 40816, 1, 2023/10/28, 14:28:56.624, 8842030905272, vstest.console.dll, TestRequestManager.RunTests: run tests completed.
TpTrace Information: 0 : 40816, 1, 2023/10/28, 14:28:56.624, 8842030905926, vstest.console.dll, RunTestsArgumentProcessor:Execute: Test run is completed.
TpTrace Verbose: 0 : 40816, 1, 2023/10/28, 14:28:56.625, 8842030907205, vstest.console.dll, Executor.Execute: Exiting with exit code of 1
TpTrace Verbose: 0 : 40816, 13, 2023/10/28, 14:28:56.625, 8842030907433, vstest.console.dll, LengthPrefixCommunicationChannel.Dispose: Dispose reader and writer.
TpTrace Information: 0 : 40816, 13, 2023/10/28, 14:28:56.625, 8842030907963, vstest.console.dll, SocketServer.Stop: Raise disconnected event endPoint: 127.0.0.1:59315 error: 
TpTrace Verbose: 0 : 40816, 13, 2023/10/28, 14:28:56.625, 8842030908588, vstest.console.dll, TestRequestSender: OnTestRunAbort: Operation is already complete. Skip error message.
TpTrace Verbose: 0 : 40816, 13, 2023/10/28, 14:28:56.625, 8842030908974, vstest.console.dll, MulticastDelegateUtilities.SafeInvoke: SocketServer: ClientDisconnected: Invoking callback 1/1 for Microsoft.VisualStudio.TestPlatform.CommunicationUtilities.TestRequestSender., took 0 ms.
TpTrace Verbose: 0 : 40816, 13, 2023/10/28, 14:28:56.625, 8842030909127, vstest.console.dll, TcpClientExtensions.MessageLoopAsync: exiting MessageLoopAsync remoteEndPoint: 127.0.0.1:59316 localEndPoint: 127.0.0.1:59315
